10:51:50 INFO  : Launching XSCT server: xsct.bat -n  -interactive C:\Users\PC-CLICK-PLUS\prj2\temp_xsdb_launch_script.tcl
10:51:56 INFO  : XSCT server has started successfully.
10:51:56 INFO  : plnx-install-location is set to ''
10:51:56 INFO  : Successfully done setting XSCT server connection channel  
10:51:59 INFO  : Registering command handlers for Vitis TCF services
10:52:01 INFO  : Successfully done setting workspace for the tool. 
10:52:01 INFO  : Successfully done query RDI_DATADIR 
10:53:26 INFO  : Successfully done sdx_reload_mss "C:/Users/PC-CLICK-PLUS/prj2/gpio8/zynq_fsbl/zynq_fsbl_bsp/system.mss"
10:53:27 INFO  : Successfully done sdx_reload_mss "C:/Users/PC-CLICK-PLUS/prj2/gpio8/ps7_cortexa9_0/standalone_domain/bsp/system.mss"
11:00:05 INFO  : Checking for BSP changes to sync application flags for project 'leds-blink'...
11:07:22 INFO  : Checking for BSP changes to sync application flags for project 'leds-blink'...
11:07:35 INFO  : Checking for BSP changes to sync application flags for project 'leds-blink'...
11:10:43 INFO  : Checking for BSP changes to sync application flags for project 'leds-blink'...
11:18:18 INFO  : Checking for BSP changes to sync application flags for project 'leds-blink'...
11:19:22 INFO  : Connected to target on host '127.0.0.1' and port '3121'.
11:19:40 INFO  : ----------------XSDB Script----------------
connect -url tcp:127.0.0.1:3121
----------------End of Script----------------

11:19:40 ERROR : Could not find ARM device on the board for connection 'Local'.
Check if the target is in:
1. Split JTAG - No operations are possible with ARM DAP.
2. Non JTAG bootmode - Bootrom may need time to enable DAP.
Please try again.


Troubleshooting hints:
1. Check whether board is connected to system properly.
2. In case of zynq board, check whether Digilent/Xilinx cable switch settings are correct.
3. If you are using Xilinx Platform Cable USB, ensure that status LED is green.
11:22:17 INFO  : Checking for BSP changes to sync application flags for project 'leds-blink'...
11:24:55 INFO  : Connected to target on host '127.0.0.1' and port '3121'.
11:24:56 INFO  : 'targets -set -filter {jtag_cable_name =~ "Digilent Zed 210248764391" && level==0} -index 1' command is executed.
11:24:58 INFO  : FPGA configured successfully with bitstream "C:/Users/PC-CLICK-PLUS/prj2/leds-blink/_ide/bitstream/design_1_wrapper.bit"
11:25:39 INFO  : Connected to target on host '127.0.0.1' and port '3121'.
11:25:40 INFO  : Jtag cable 'Digilent Zed 210248764391' is selected.
11:25:40 INFO  : 'jtag frequency' command is executed.
11:25:40 INFO  : Context for 'APU' is selected.
11:25:40 INFO  : System reset is completed.
11:25:43 INFO  : 'after 3000' command is executed.
11:25:43 INFO  : 'targets -set -filter {jtag_cable_name =~ "Digilent Zed 210248764391" && level==0} -index 1' command is executed.
11:25:45 INFO  : FPGA configured successfully with bitstream "C:/Users/PC-CLICK-PLUS/prj2/leds-blink/_ide/bitstream/design_1_wrapper.bit"
11:25:45 INFO  : Context for 'APU' is selected.
11:25:45 INFO  : Hardware design information is loaded from 'C:/Users/PC-CLICK-PLUS/prj2/gpio8/export/gpio8/hw/design_1_wrapper.xsa'.
11:25:45 INFO  : 'configparams force-mem-access 1' command is executed.
11:25:45 INFO  : Context for 'APU' is selected.
11:25:45 INFO  : Sourcing of 'C:/Users/PC-CLICK-PLUS/prj2/leds-blink/_ide/psinit/ps7_init.tcl' is done.
11:25:46 INFO  : 'ps7_init' command is executed.
11:25:46 INFO  : 'ps7_post_config' command is executed.
11:25:46 INFO  : Context for processor 'ps7_cortexa9_0' is selected.
11:25:46 INFO  : The application 'C:/Users/PC-CLICK-PLUS/prj2/leds-blink/Debug/leds-blink.elf' is downloaded to processor 'ps7_cortexa9_0'.
11:25:46 INFO  : 'configparams force-mem-access 0' command is executed.
11:25:46 INFO  : ----------------XSDB Script----------------
connect -url tcp:127.0.0.1:3121
targets -set -nocase -filter {name =~"APU*"}
rst -system
after 3000
targets -set -filter {jtag_cable_name =~ "Digilent Zed 210248764391" && level==0} -index 1
fpga -file C:/Users/PC-CLICK-PLUS/prj2/leds-blink/_ide/bitstream/design_1_wrapper.bit
targets -set -nocase -filter {name =~"APU*"}
loadhw -hw C:/Users/PC-CLICK-PLUS/prj2/gpio8/export/gpio8/hw/design_1_wrapper.xsa -mem-ranges [list {0x40000000 0xbfffffff}]
configparams force-mem-access 1
targets -set -nocase -filter {name =~"APU*"}
source C:/Users/PC-CLICK-PLUS/prj2/leds-blink/_ide/psinit/ps7_init.tcl
ps7_init
ps7_post_config
targets -set -nocase -filter {name =~ "*A9*#0"}
dow C:/Users/PC-CLICK-PLUS/prj2/leds-blink/Debug/leds-blink.elf
configparams force-mem-access 0
----------------End of Script----------------

11:25:46 INFO  : Memory regions updated for context APU
11:25:47 INFO  : Context for processor 'ps7_cortexa9_0' is selected.
11:25:47 INFO  : 'con' command is executed.
11:25:47 INFO  : ----------------XSDB Script (After Launch)----------------
targets -set -nocase -filter {name =~ "*A9*#0"}
con
----------------End of Script----------------

11:25:47 INFO  : Launch script is exported to file 'C:\Users\PC-CLICK-PLUS\prj2\.sdk\launch_scripts\single_application_debug\systemdebugger_leds-blink_system_standalone.tcl'
13:32:04 INFO  : Disconnected from the channel tcfchan#7.
10:55:45 INFO  : Launching XSCT server: xsct.bat -n  -interactive C:\Users\PC-CLICK-PLUS\Desktop\Stage_CRTI\vitis\prj_blink\temp_xsdb_launch_script.tcl
10:55:56 INFO  : XSCT server has started successfully.
10:55:56 INFO  : plnx-install-location is set to ''
10:55:56 INFO  : Successfully done setting XSCT server connection channel  
10:55:56 INFO  : Successfully done setting workspace for the tool. 
10:55:59 INFO  : Registering command handlers for Vitis TCF services
10:56:04 INFO  : Successfully done query RDI_DATADIR 
10:56:14 INFO  : Checking for BSP changes to sync application flags for project 'leds-blink'...
10:56:14 ERROR : Failed to get platform details for the project 'leds-blink'. Cannot sync application flags.
10:57:31 INFO  : Hardware specification for platform project 'gpio8' is updated.
10:57:38 INFO  : Successfully done sdx_reload_mss "C:/Users/PC-CLICK-PLUS/Desktop/Stage_CRTI/vitis/prj_blink/gpio8/zynq_fsbl/zynq_fsbl_bsp/system.mss"
10:57:38 INFO  : Successfully done sdx_reload_mss "C:/Users/PC-CLICK-PLUS/Desktop/Stage_CRTI/vitis/prj_blink/gpio8/ps7_cortexa9_0/standalone_domain/bsp/system.mss"
10:58:12 INFO  : Checking for BSP changes to sync application flags for project 'leds-blink'...
10:58:28 INFO  : Connected to target on host '127.0.0.1' and port '3121'.
10:58:28 INFO  : 'targets -set -filter {jtag_cable_name =~ "Digilent Zed 210248764391" && level==0} -index 1' command is executed.
10:58:30 INFO  : FPGA configured successfully with bitstream "C:/Users/PC-CLICK-PLUS/Desktop/Stage_CRTI/vitis/prj_blink/leds-blink/_ide/bitstream/design_1_wrapper.bit"
10:58:37 INFO  : Connected to target on host '127.0.0.1' and port '3121'.
10:58:37 INFO  : Jtag cable 'Digilent Zed 210248764391' is selected.
10:58:37 INFO  : 'jtag frequency' command is executed.
10:58:37 INFO  : Context for 'APU' is selected.
10:58:37 INFO  : System reset is completed.
10:58:40 INFO  : 'after 3000' command is executed.
10:58:40 INFO  : 'targets -set -filter {jtag_cable_name =~ "Digilent Zed 210248764391" && level==0} -index 1' command is executed.
10:58:43 INFO  : FPGA configured successfully with bitstream "C:/Users/PC-CLICK-PLUS/Desktop/Stage_CRTI/vitis/prj_blink/leds-blink/_ide/bitstream/design_1_wrapper.bit"
10:58:43 INFO  : Context for 'APU' is selected.
10:58:43 INFO  : Hardware design information is loaded from 'C:/Users/PC-CLICK-PLUS/Desktop/Stage_CRTI/vitis/prj_blink/gpio8/export/gpio8/hw/design_1_wrapper.xsa'.
10:58:43 INFO  : 'configparams force-mem-access 1' command is executed.
10:58:43 INFO  : Context for 'APU' is selected.
10:58:43 INFO  : Sourcing of 'C:/Users/PC-CLICK-PLUS/Desktop/Stage_CRTI/vitis/prj_blink/leds-blink/_ide/psinit/ps7_init.tcl' is done.
10:58:44 INFO  : 'ps7_init' command is executed.
10:58:44 INFO  : 'ps7_post_config' command is executed.
10:58:44 INFO  : Context for processor 'ps7_cortexa9_0' is selected.
10:58:44 INFO  : The application 'C:/Users/PC-CLICK-PLUS/Desktop/Stage_CRTI/vitis/prj_blink/leds-blink/Debug/leds-blink.elf' is downloaded to processor 'ps7_cortexa9_0'.
10:58:44 INFO  : 'configparams force-mem-access 0' command is executed.
10:58:44 INFO  : ----------------XSDB Script----------------
connect -url tcp:127.0.0.1:3121
targets -set -nocase -filter {name =~"APU*"}
rst -system
after 3000
targets -set -filter {jtag_cable_name =~ "Digilent Zed 210248764391" && level==0} -index 1
fpga -file C:/Users/PC-CLICK-PLUS/Desktop/Stage_CRTI/vitis/prj_blink/leds-blink/_ide/bitstream/design_1_wrapper.bit
targets -set -nocase -filter {name =~"APU*"}
loadhw -hw C:/Users/PC-CLICK-PLUS/Desktop/Stage_CRTI/vitis/prj_blink/gpio8/export/gpio8/hw/design_1_wrapper.xsa -mem-ranges [list {0x40000000 0xbfffffff}]
configparams force-mem-access 1
targets -set -nocase -filter {name =~"APU*"}
source C:/Users/PC-CLICK-PLUS/Desktop/Stage_CRTI/vitis/prj_blink/leds-blink/_ide/psinit/ps7_init.tcl
ps7_init
ps7_post_config
targets -set -nocase -filter {name =~ "*A9*#0"}
dow C:/Users/PC-CLICK-PLUS/Desktop/Stage_CRTI/vitis/prj_blink/leds-blink/Debug/leds-blink.elf
configparams force-mem-access 0
----------------End of Script----------------

10:58:44 INFO  : Context for processor 'ps7_cortexa9_0' is selected.
10:58:44 INFO  : 'con' command is executed.
10:58:44 INFO  : ----------------XSDB Script (After Launch)----------------
targets -set -nocase -filter {name =~ "*A9*#0"}
con
----------------End of Script----------------

10:58:44 INFO  : Disconnected from the channel tcfchan#2.
