13:40:57 INFO  : Launching XSCT server: xsct.bat -n  -interactive C:\Users\PC-CLICK-PLUS\stage\vitis\prj_counter_interrupt\temp_xsdb_launch_script.tcl
13:41:03 INFO  : XSCT server has started successfully.
13:41:03 INFO  : plnx-install-location is set to ''
13:41:03 INFO  : Successfully done setting XSCT server connection channel  
13:41:03 INFO  : Successfully done query RDI_DATADIR 
13:41:03 INFO  : Successfully done setting workspace for the tool. 
13:41:06 INFO  : Registering command handlers for Vitis TCF services
13:42:28 INFO  : Successfully done sdx_reload_mss "C:/Users/PC-CLICK-PLUS/stage/vitis/prj_counter_interrupt/prj_counter_interrupt/zynq_fsbl/zynq_fsbl_bsp/system.mss"
13:42:29 INFO  : Successfully done sdx_reload_mss "C:/Users/PC-CLICK-PLUS/stage/vitis/prj_counter_interrupt/prj_counter_interrupt/ps7_cortexa9_0/standalone_domain/bsp/system.mss"
13:48:54 INFO  : Checking for BSP changes to sync application flags for project 'counter_interrupt'...
13:50:39 INFO  : Checking for BSP changes to sync application flags for project 'counter_interrupt'...
13:53:59 INFO  : Checking for BSP changes to sync application flags for project 'counter_interrupt'...
13:55:19 INFO  : Checking for BSP changes to sync application flags for project 'counter_interrupt'...
13:55:43 INFO  : Checking for BSP changes to sync application flags for project 'counter_interrupt'...
13:59:24 INFO  : Checking for BSP changes to sync application flags for project 'counter_interrupt'...
13:59:45 INFO  : Checking for BSP changes to sync application flags for project 'counter_interrupt'...
14:00:24 INFO  : Checking for BSP changes to sync application flags for project 'counter_interrupt'...
14:00:54 INFO  : Connected to target on host '127.0.0.1' and port '3121'.
14:00:55 INFO  : 'targets -set -filter {jtag_cable_name =~ "Digilent Zed 210248764391" && level==0} -index 1' command is executed.
14:00:57 INFO  : FPGA configured successfully with bitstream "C:/Users/PC-CLICK-PLUS/stage/vitis/prj_counter_interrupt/counter_interrupt/_ide/bitstream/design_1_wrapper.bit"
14:01:08 INFO  : Connected to target on host '127.0.0.1' and port '3121'.
14:01:08 INFO  : Jtag cable 'Digilent Zed 210248764391' is selected.
14:01:08 INFO  : 'jtag frequency' command is executed.
14:01:08 INFO  : Context for 'APU' is selected.
14:01:08 INFO  : System reset is completed.
14:01:11 INFO  : 'after 3000' command is executed.
14:01:11 INFO  : 'targets -set -filter {jtag_cable_name =~ "Digilent Zed 210248764391" && level==0} -index 1' command is executed.
14:01:14 INFO  : FPGA configured successfully with bitstream "C:/Users/PC-CLICK-PLUS/stage/vitis/prj_counter_interrupt/counter_interrupt/_ide/bitstream/design_1_wrapper.bit"
14:01:14 INFO  : Context for 'APU' is selected.
14:01:14 INFO  : Hardware design information is loaded from 'C:/Users/PC-CLICK-PLUS/stage/vitis/prj_counter_interrupt/prj_counter_interrupt/export/prj_counter_interrupt/hw/design_1_wrapper.xsa'.
14:01:14 INFO  : 'configparams force-mem-access 1' command is executed.
14:01:14 INFO  : Context for 'APU' is selected.
14:01:14 INFO  : Sourcing of 'C:/Users/PC-CLICK-PLUS/stage/vitis/prj_counter_interrupt/counter_interrupt/_ide/psinit/ps7_init.tcl' is done.
14:01:14 INFO  : 'ps7_init' command is executed.
14:01:14 INFO  : 'ps7_post_config' command is executed.
14:01:14 INFO  : Context for processor 'ps7_cortexa9_0' is selected.
14:01:15 INFO  : The application 'C:/Users/PC-CLICK-PLUS/stage/vitis/prj_counter_interrupt/counter_interrupt/Debug/counter_interrupt.elf' is downloaded to processor 'ps7_cortexa9_0'.
14:01:15 INFO  : 'configparams force-mem-access 0' command is executed.
14:01:15 INFO  : ----------------XSDB Script----------------
connect -url tcp:127.0.0.1:3121
targets -set -nocase -filter {name =~"APU*"}
rst -system
after 3000
targets -set -filter {jtag_cable_name =~ "Digilent Zed 210248764391" && level==0} -index 1
fpga -file C:/Users/PC-CLICK-PLUS/stage/vitis/prj_counter_interrupt/counter_interrupt/_ide/bitstream/design_1_wrapper.bit
targets -set -nocase -filter {name =~"APU*"}
loadhw -hw C:/Users/PC-CLICK-PLUS/stage/vitis/prj_counter_interrupt/prj_counter_interrupt/export/prj_counter_interrupt/hw/design_1_wrapper.xsa -mem-ranges [list {0x40000000 0xbfffffff}]
configparams force-mem-access 1
targets -set -nocase -filter {name =~"APU*"}
source C:/Users/PC-CLICK-PLUS/stage/vitis/prj_counter_interrupt/counter_interrupt/_ide/psinit/ps7_init.tcl
ps7_init
ps7_post_config
targets -set -nocase -filter {name =~ "*A9*#0"}
dow C:/Users/PC-CLICK-PLUS/stage/vitis/prj_counter_interrupt/counter_interrupt/Debug/counter_interrupt.elf
configparams force-mem-access 0
----------------End of Script----------------

14:01:15 INFO  : Memory regions updated for context APU
14:01:15 INFO  : Context for processor 'ps7_cortexa9_0' is selected.
14:01:15 INFO  : 'con' command is executed.
14:01:15 INFO  : ----------------XSDB Script (After Launch)----------------
targets -set -nocase -filter {name =~ "*A9*#0"}
con
----------------End of Script----------------

14:01:15 INFO  : Launch script is exported to file 'C:\Users\PC-CLICK-PLUS\stage\vitis\prj_counter_interrupt\.sdk\launch_scripts\single_application_debug\debugger_counter_interrupt-default.tcl'
14:02:12 INFO  : Connected to target on host '127.0.0.1' and port '3121'.
14:03:05 INFO  : Connected to target on host '127.0.0.1' and port '3121'.
14:03:05 INFO  : 'targets -set -filter {jtag_cable_name =~ "Digilent Zed 210248764391" && level==0} -index 1' command is executed.
14:03:08 INFO  : FPGA configured successfully with bitstream "C:/Users/PC-CLICK-PLUS/stage/vivado/project_counter_interr/design_1_wrapper.bit"
14:03:20 INFO  : Disconnected from the channel tcfchan#2.
14:03:21 INFO  : Connected to target on host '127.0.0.1' and port '3121'.
14:03:22 INFO  : Jtag cable 'Digilent Zed 210248764391' is selected.
14:03:22 INFO  : 'jtag frequency' command is executed.
14:03:22 INFO  : Context for 'APU' is selected.
14:03:22 INFO  : System reset is completed.
14:03:25 INFO  : 'after 3000' command is executed.
14:03:25 INFO  : 'targets -set -filter {jtag_cable_name =~ "Digilent Zed 210248764391" && level==0} -index 1' command is executed.
14:03:27 INFO  : FPGA configured successfully with bitstream "C:/Users/PC-CLICK-PLUS/stage/vitis/prj_counter_interrupt/counter_interrupt/_ide/bitstream/design_1_wrapper.bit"
14:03:27 INFO  : Context for 'APU' is selected.
14:03:27 INFO  : Hardware design information is loaded from 'C:/Users/PC-CLICK-PLUS/stage/vitis/prj_counter_interrupt/prj_counter_interrupt/export/prj_counter_interrupt/hw/design_1_wrapper.xsa'.
14:03:27 INFO  : 'configparams force-mem-access 1' command is executed.
14:03:27 INFO  : Context for 'APU' is selected.
14:03:27 INFO  : Sourcing of 'C:/Users/PC-CLICK-PLUS/stage/vitis/prj_counter_interrupt/counter_interrupt/_ide/psinit/ps7_init.tcl' is done.
14:03:28 INFO  : 'ps7_init' command is executed.
14:03:28 INFO  : 'ps7_post_config' command is executed.
14:03:28 INFO  : Context for processor 'ps7_cortexa9_0' is selected.
14:03:28 INFO  : The application 'C:/Users/PC-CLICK-PLUS/stage/vitis/prj_counter_interrupt/counter_interrupt/Debug/counter_interrupt.elf' is downloaded to processor 'ps7_cortexa9_0'.
14:03:28 INFO  : 'configparams force-mem-access 0' command is executed.
14:03:28 INFO  : ----------------XSDB Script----------------
connect -url tcp:127.0.0.1:3121
targets -set -nocase -filter {name =~"APU*"}
rst -system
after 3000
targets -set -filter {jtag_cable_name =~ "Digilent Zed 210248764391" && level==0} -index 1
fpga -file C:/Users/PC-CLICK-PLUS/stage/vitis/prj_counter_interrupt/counter_interrupt/_ide/bitstream/design_1_wrapper.bit
targets -set -nocase -filter {name =~"APU*"}
loadhw -hw C:/Users/PC-CLICK-PLUS/stage/vitis/prj_counter_interrupt/prj_counter_interrupt/export/prj_counter_interrupt/hw/design_1_wrapper.xsa -mem-ranges [list {0x40000000 0xbfffffff}]
configparams force-mem-access 1
targets -set -nocase -filter {name =~"APU*"}
source C:/Users/PC-CLICK-PLUS/stage/vitis/prj_counter_interrupt/counter_interrupt/_ide/psinit/ps7_init.tcl
ps7_init
ps7_post_config
targets -set -nocase -filter {name =~ "*A9*#0"}
dow C:/Users/PC-CLICK-PLUS/stage/vitis/prj_counter_interrupt/counter_interrupt/Debug/counter_interrupt.elf
configparams force-mem-access 0
----------------End of Script----------------

14:03:28 INFO  : Memory regions updated for context APU
14:03:28 INFO  : Context for processor 'ps7_cortexa9_0' is selected.
14:03:28 INFO  : 'con' command is executed.
14:03:28 INFO  : ----------------XSDB Script (After Launch)----------------
targets -set -nocase -filter {name =~ "*A9*#0"}
con
----------------End of Script----------------

14:03:28 INFO  : Launch script is exported to file 'C:\Users\PC-CLICK-PLUS\stage\vitis\prj_counter_interrupt\.sdk\launch_scripts\single_application_debug\debugger_counter_interrupt-default.tcl'
14:09:12 INFO  : Checking for BSP changes to sync application flags for project 'counter_interrupt'...
14:09:21 INFO  : Connected to target on host '127.0.0.1' and port '3121'.
14:09:21 INFO  : 'targets -set -filter {jtag_cable_name =~ "Digilent Zed 210248764391" && level==0} -index 1' command is executed.
14:09:24 INFO  : FPGA configured successfully with bitstream "C:/Users/PC-CLICK-PLUS/stage/vivado/project_counter_interr/design_1_wrapper.bit"
14:09:36 INFO  : Connected to target on host '127.0.0.1' and port '3121'.
14:09:36 INFO  : Jtag cable 'Digilent Zed 210248764391' is selected.
14:09:36 INFO  : 'jtag frequency' command is executed.
14:09:36 INFO  : Context for 'APU' is selected.
14:09:37 INFO  : System reset is completed.
14:09:40 INFO  : 'after 3000' command is executed.
14:09:40 INFO  : 'targets -set -filter {jtag_cable_name =~ "Digilent Zed 210248764391" && level==0} -index 1' command is executed.
14:09:42 INFO  : FPGA configured successfully with bitstream "C:/Users/PC-CLICK-PLUS/stage/vitis/prj_counter_interrupt/counter_interrupt/_ide/bitstream/design_1_wrapper.bit"
14:09:42 INFO  : Context for 'APU' is selected.
14:09:42 INFO  : Hardware design information is loaded from 'C:/Users/PC-CLICK-PLUS/stage/vitis/prj_counter_interrupt/prj_counter_interrupt/export/prj_counter_interrupt/hw/design_1_wrapper.xsa'.
14:09:42 INFO  : 'configparams force-mem-access 1' command is executed.
14:09:42 INFO  : Context for 'APU' is selected.
14:09:42 INFO  : Sourcing of 'C:/Users/PC-CLICK-PLUS/stage/vitis/prj_counter_interrupt/counter_interrupt/_ide/psinit/ps7_init.tcl' is done.
14:09:43 INFO  : 'ps7_init' command is executed.
14:09:43 INFO  : 'ps7_post_config' command is executed.
14:09:43 INFO  : Context for processor 'ps7_cortexa9_0' is selected.
14:09:43 INFO  : The application 'C:/Users/PC-CLICK-PLUS/stage/vitis/prj_counter_interrupt/counter_interrupt/Debug/counter_interrupt.elf' is downloaded to processor 'ps7_cortexa9_0'.
14:09:43 INFO  : 'configparams force-mem-access 0' command is executed.
14:09:43 INFO  : ----------------XSDB Script----------------
connect -url tcp:127.0.0.1:3121
targets -set -nocase -filter {name =~"APU*"}
rst -system
after 3000
targets -set -filter {jtag_cable_name =~ "Digilent Zed 210248764391" && level==0} -index 1
fpga -file C:/Users/PC-CLICK-PLUS/stage/vitis/prj_counter_interrupt/counter_interrupt/_ide/bitstream/design_1_wrapper.bit
targets -set -nocase -filter {name =~"APU*"}
loadhw -hw C:/Users/PC-CLICK-PLUS/stage/vitis/prj_counter_interrupt/prj_counter_interrupt/export/prj_counter_interrupt/hw/design_1_wrapper.xsa -mem-ranges [list {0x40000000 0xbfffffff}]
configparams force-mem-access 1
targets -set -nocase -filter {name =~"APU*"}
source C:/Users/PC-CLICK-PLUS/stage/vitis/prj_counter_interrupt/counter_interrupt/_ide/psinit/ps7_init.tcl
ps7_init
ps7_post_config
targets -set -nocase -filter {name =~ "*A9*#0"}
dow C:/Users/PC-CLICK-PLUS/stage/vitis/prj_counter_interrupt/counter_interrupt/Debug/counter_interrupt.elf
configparams force-mem-access 0
----------------End of Script----------------

14:09:43 INFO  : Context for processor 'ps7_cortexa9_0' is selected.
14:09:43 INFO  : 'con' command is executed.
14:09:43 INFO  : ----------------XSDB Script (After Launch)----------------
targets -set -nocase -filter {name =~ "*A9*#0"}
con
----------------End of Script----------------

14:09:43 INFO  : Disconnected from the channel tcfchan#3.
14:34:46 INFO  : Checking for BSP changes to sync application flags for project 'counter_interrupt2'...
14:46:01 INFO  : Connected to target on host '127.0.0.1' and port '3121'.
14:46:01 INFO  : 'targets -set -filter {jtag_cable_name =~ "Digilent Zed 210248764391" && level==0} -index 1' command is executed.
14:46:03 INFO  : FPGA configured successfully with bitstream "C:/Users/PC-CLICK-PLUS/stage/vivado/project_counter_interr/design_1_wrapper.bit"
14:46:15 WARN  : channel "tcfchan#3" closed
14:46:16 INFO  : Connected to target on host '127.0.0.1' and port '3121'.
14:46:17 INFO  : Jtag cable 'Digilent Zed 210248764391' is selected.
14:46:17 INFO  : 'jtag frequency' command is executed.
14:46:17 INFO  : Context for 'APU' is selected.
14:46:17 INFO  : System reset is completed.
14:46:20 INFO  : 'after 3000' command is executed.
14:46:20 INFO  : 'targets -set -filter {jtag_cable_name =~ "Digilent Zed 210248764391" && level==0} -index 1' command is executed.
14:46:22 INFO  : FPGA configured successfully with bitstream "C:/Users/PC-CLICK-PLUS/stage/vitis/prj_counter_interrupt/counter_interrupt/_ide/bitstream/design_1_wrapper.bit"
14:46:22 INFO  : Context for 'APU' is selected.
14:46:22 INFO  : Hardware design information is loaded from 'C:/Users/PC-CLICK-PLUS/stage/vitis/prj_counter_interrupt/prj_counter_interrupt/export/prj_counter_interrupt/hw/design_1_wrapper.xsa'.
14:46:22 INFO  : 'configparams force-mem-access 1' command is executed.
14:46:22 INFO  : Context for 'APU' is selected.
14:46:22 INFO  : Sourcing of 'C:/Users/PC-CLICK-PLUS/stage/vitis/prj_counter_interrupt/counter_interrupt/_ide/psinit/ps7_init.tcl' is done.
14:46:23 INFO  : 'ps7_init' command is executed.
14:46:23 INFO  : 'ps7_post_config' command is executed.
14:46:23 INFO  : Context for processor 'ps7_cortexa9_0' is selected.
14:46:23 INFO  : The application 'C:/Users/PC-CLICK-PLUS/stage/vitis/prj_counter_interrupt/counter_interrupt/Debug/counter_interrupt.elf' is downloaded to processor 'ps7_cortexa9_0'.
14:46:23 INFO  : 'configparams force-mem-access 0' command is executed.
14:46:23 INFO  : ----------------XSDB Script----------------
connect -url tcp:127.0.0.1:3121
targets -set -nocase -filter {name =~"APU*"}
rst -system
after 3000
targets -set -filter {jtag_cable_name =~ "Digilent Zed 210248764391" && level==0} -index 1
fpga -file C:/Users/PC-CLICK-PLUS/stage/vitis/prj_counter_interrupt/counter_interrupt/_ide/bitstream/design_1_wrapper.bit
targets -set -nocase -filter {name =~"APU*"}
loadhw -hw C:/Users/PC-CLICK-PLUS/stage/vitis/prj_counter_interrupt/prj_counter_interrupt/export/prj_counter_interrupt/hw/design_1_wrapper.xsa -mem-ranges [list {0x40000000 0xbfffffff}]
configparams force-mem-access 1
targets -set -nocase -filter {name =~"APU*"}
source C:/Users/PC-CLICK-PLUS/stage/vitis/prj_counter_interrupt/counter_interrupt/_ide/psinit/ps7_init.tcl
ps7_init
ps7_post_config
targets -set -nocase -filter {name =~ "*A9*#0"}
dow C:/Users/PC-CLICK-PLUS/stage/vitis/prj_counter_interrupt/counter_interrupt/Debug/counter_interrupt.elf
configparams force-mem-access 0
----------------End of Script----------------

14:46:23 INFO  : Memory regions updated for context APU
14:46:23 INFO  : Context for processor 'ps7_cortexa9_0' is selected.
14:46:23 INFO  : 'con' command is executed.
14:46:23 INFO  : ----------------XSDB Script (After Launch)----------------
targets -set -nocase -filter {name =~ "*A9*#0"}
con
----------------End of Script----------------

14:46:23 INFO  : Launch script is exported to file 'C:\Users\PC-CLICK-PLUS\stage\vitis\prj_counter_interrupt\.sdk\launch_scripts\single_application_debug\debugger_counter_interrupt-default.tcl'
15:13:16 INFO  : Checking for BSP changes to sync application flags for project 'counter_interrupt'...
15:13:27 INFO  : Connected to target on host '127.0.0.1' and port '3121'.
15:13:27 INFO  : 'targets -set -filter {jtag_cable_name =~ "Digilent Zed 210248764391" && level==0} -index 1' command is executed.
15:13:30 INFO  : FPGA configured successfully with bitstream "C:/Users/PC-CLICK-PLUS/stage/vivado/project_counter_interr/design_1_wrapper.bit"
15:13:35 INFO  : Connected to target on host '127.0.0.1' and port '3121'.
15:13:36 INFO  : Jtag cable 'Digilent Zed 210248764391' is selected.
15:13:36 INFO  : 'jtag frequency' command is executed.
15:13:36 INFO  : Context for 'APU' is selected.
15:13:36 INFO  : System reset is completed.
15:13:39 INFO  : 'after 3000' command is executed.
15:13:39 INFO  : 'targets -set -filter {jtag_cable_name =~ "Digilent Zed 210248764391" && level==0} -index 1' command is executed.
15:13:41 INFO  : FPGA configured successfully with bitstream "C:/Users/PC-CLICK-PLUS/stage/vitis/prj_counter_interrupt/counter_interrupt/_ide/bitstream/design_1_wrapper.bit"
15:13:41 INFO  : Context for 'APU' is selected.
15:13:41 INFO  : Hardware design information is loaded from 'C:/Users/PC-CLICK-PLUS/stage/vitis/prj_counter_interrupt/prj_counter_interrupt/export/prj_counter_interrupt/hw/design_1_wrapper.xsa'.
15:13:41 INFO  : 'configparams force-mem-access 1' command is executed.
15:13:41 INFO  : Context for 'APU' is selected.
15:13:41 INFO  : Sourcing of 'C:/Users/PC-CLICK-PLUS/stage/vitis/prj_counter_interrupt/counter_interrupt/_ide/psinit/ps7_init.tcl' is done.
15:13:42 INFO  : 'ps7_init' command is executed.
15:13:42 INFO  : 'ps7_post_config' command is executed.
15:13:42 INFO  : Context for processor 'ps7_cortexa9_0' is selected.
15:13:42 INFO  : The application 'C:/Users/PC-CLICK-PLUS/stage/vitis/prj_counter_interrupt/counter_interrupt/Debug/counter_interrupt.elf' is downloaded to processor 'ps7_cortexa9_0'.
15:13:42 INFO  : 'configparams force-mem-access 0' command is executed.
15:13:42 INFO  : ----------------XSDB Script----------------
connect -url tcp:127.0.0.1:3121
targets -set -nocase -filter {name =~"APU*"}
rst -system
after 3000
targets -set -filter {jtag_cable_name =~ "Digilent Zed 210248764391" && level==0} -index 1
fpga -file C:/Users/PC-CLICK-PLUS/stage/vitis/prj_counter_interrupt/counter_interrupt/_ide/bitstream/design_1_wrapper.bit
targets -set -nocase -filter {name =~"APU*"}
loadhw -hw C:/Users/PC-CLICK-PLUS/stage/vitis/prj_counter_interrupt/prj_counter_interrupt/export/prj_counter_interrupt/hw/design_1_wrapper.xsa -mem-ranges [list {0x40000000 0xbfffffff}]
configparams force-mem-access 1
targets -set -nocase -filter {name =~"APU*"}
source C:/Users/PC-CLICK-PLUS/stage/vitis/prj_counter_interrupt/counter_interrupt/_ide/psinit/ps7_init.tcl
ps7_init
ps7_post_config
targets -set -nocase -filter {name =~ "*A9*#0"}
dow C:/Users/PC-CLICK-PLUS/stage/vitis/prj_counter_interrupt/counter_interrupt/Debug/counter_interrupt.elf
configparams force-mem-access 0
----------------End of Script----------------

15:13:42 INFO  : Context for processor 'ps7_cortexa9_0' is selected.
15:13:42 INFO  : 'con' command is executed.
15:13:42 INFO  : ----------------XSDB Script (After Launch)----------------
targets -set -nocase -filter {name =~ "*A9*#0"}
con
----------------End of Script----------------

15:13:42 INFO  : Disconnected from the channel tcfchan#5.
15:20:11 INFO  : Checking for BSP changes to sync application flags for project 'counter_interrupt'...
15:20:20 INFO  : Connected to target on host '127.0.0.1' and port '3121'.
15:20:20 INFO  : 'targets -set -filter {jtag_cable_name =~ "Digilent Zed 210248764391" && level==0} -index 1' command is executed.
15:20:22 INFO  : FPGA configured successfully with bitstream "C:/Users/PC-CLICK-PLUS/stage/vivado/project_counter_interr/design_1_wrapper.bit"
15:20:28 WARN  : channel "tcfchan#5" closed
15:20:29 INFO  : Connected to target on host '127.0.0.1' and port '3121'.
15:20:30 INFO  : Jtag cable 'Digilent Zed 210248764391' is selected.
15:20:30 INFO  : 'jtag frequency' command is executed.
15:20:30 INFO  : Context for 'APU' is selected.
15:20:30 INFO  : System reset is completed.
15:20:33 INFO  : 'after 3000' command is executed.
15:20:33 INFO  : 'targets -set -filter {jtag_cable_name =~ "Digilent Zed 210248764391" && level==0} -index 1' command is executed.
15:20:35 INFO  : FPGA configured successfully with bitstream "C:/Users/PC-CLICK-PLUS/stage/vitis/prj_counter_interrupt/counter_interrupt/_ide/bitstream/design_1_wrapper.bit"
15:20:35 INFO  : Context for 'APU' is selected.
15:20:35 INFO  : Hardware design information is loaded from 'C:/Users/PC-CLICK-PLUS/stage/vitis/prj_counter_interrupt/prj_counter_interrupt/export/prj_counter_interrupt/hw/design_1_wrapper.xsa'.
15:20:35 INFO  : 'configparams force-mem-access 1' command is executed.
15:20:35 INFO  : Context for 'APU' is selected.
15:20:35 INFO  : Sourcing of 'C:/Users/PC-CLICK-PLUS/stage/vitis/prj_counter_interrupt/counter_interrupt/_ide/psinit/ps7_init.tcl' is done.
15:20:36 INFO  : 'ps7_init' command is executed.
15:20:36 INFO  : 'ps7_post_config' command is executed.
15:20:36 INFO  : Context for processor 'ps7_cortexa9_0' is selected.
15:20:36 INFO  : The application 'C:/Users/PC-CLICK-PLUS/stage/vitis/prj_counter_interrupt/counter_interrupt/Debug/counter_interrupt.elf' is downloaded to processor 'ps7_cortexa9_0'.
15:20:36 INFO  : 'configparams force-mem-access 0' command is executed.
15:20:36 INFO  : ----------------XSDB Script----------------
connect -url tcp:127.0.0.1:3121
targets -set -nocase -filter {name =~"APU*"}
rst -system
after 3000
targets -set -filter {jtag_cable_name =~ "Digilent Zed 210248764391" && level==0} -index 1
fpga -file C:/Users/PC-CLICK-PLUS/stage/vitis/prj_counter_interrupt/counter_interrupt/_ide/bitstream/design_1_wrapper.bit
targets -set -nocase -filter {name =~"APU*"}
loadhw -hw C:/Users/PC-CLICK-PLUS/stage/vitis/prj_counter_interrupt/prj_counter_interrupt/export/prj_counter_interrupt/hw/design_1_wrapper.xsa -mem-ranges [list {0x40000000 0xbfffffff}]
configparams force-mem-access 1
targets -set -nocase -filter {name =~"APU*"}
source C:/Users/PC-CLICK-PLUS/stage/vitis/prj_counter_interrupt/counter_interrupt/_ide/psinit/ps7_init.tcl
ps7_init
ps7_post_config
targets -set -nocase -filter {name =~ "*A9*#0"}
dow C:/Users/PC-CLICK-PLUS/stage/vitis/prj_counter_interrupt/counter_interrupt/Debug/counter_interrupt.elf
configparams force-mem-access 0
----------------End of Script----------------

15:20:36 INFO  : Memory regions updated for context APU
15:20:36 INFO  : Context for processor 'ps7_cortexa9_0' is selected.
15:20:36 INFO  : 'con' command is executed.
15:20:36 INFO  : ----------------XSDB Script (After Launch)----------------
targets -set -nocase -filter {name =~ "*A9*#0"}
con
----------------End of Script----------------

15:20:36 INFO  : Launch script is exported to file 'C:\Users\PC-CLICK-PLUS\stage\vitis\prj_counter_interrupt\.sdk\launch_scripts\single_application_debug\debugger_counter_interrupt-default.tcl'
15:22:01 INFO  : Checking for BSP changes to sync application flags for project 'counter_interrupt'...
15:22:32 INFO  : Checking for BSP changes to sync application flags for project 'counter_interrupt'...
15:22:58 INFO  : Connected to target on host '127.0.0.1' and port '3121'.
15:22:58 INFO  : 'targets -set -filter {jtag_cable_name =~ "Digilent Zed 210248764391" && level==0} -index 1' command is executed.
15:23:00 INFO  : FPGA configured successfully with bitstream "C:/Users/PC-CLICK-PLUS/stage/vivado/project_counter_interr/design_1_wrapper.bit"
15:23:06 INFO  : Disconnected from the channel tcfchan#6.
15:23:07 INFO  : Connected to target on host '127.0.0.1' and port '3121'.
15:23:08 INFO  : Jtag cable 'Digilent Zed 210248764391' is selected.
15:23:08 INFO  : 'jtag frequency' command is executed.
15:23:08 INFO  : Context for 'APU' is selected.
15:23:08 INFO  : System reset is completed.
15:23:11 INFO  : 'after 3000' command is executed.
15:23:11 INFO  : 'targets -set -filter {jtag_cable_name =~ "Digilent Zed 210248764391" && level==0} -index 1' command is executed.
15:23:13 INFO  : FPGA configured successfully with bitstream "C:/Users/PC-CLICK-PLUS/stage/vitis/prj_counter_interrupt/counter_interrupt/_ide/bitstream/design_1_wrapper.bit"
15:23:13 INFO  : Context for 'APU' is selected.
15:23:13 INFO  : Hardware design information is loaded from 'C:/Users/PC-CLICK-PLUS/stage/vitis/prj_counter_interrupt/prj_counter_interrupt/export/prj_counter_interrupt/hw/design_1_wrapper.xsa'.
15:23:13 INFO  : 'configparams force-mem-access 1' command is executed.
15:23:13 INFO  : Context for 'APU' is selected.
15:23:13 INFO  : Sourcing of 'C:/Users/PC-CLICK-PLUS/stage/vitis/prj_counter_interrupt/counter_interrupt/_ide/psinit/ps7_init.tcl' is done.
15:23:14 INFO  : 'ps7_init' command is executed.
15:23:14 INFO  : 'ps7_post_config' command is executed.
15:23:14 INFO  : Context for processor 'ps7_cortexa9_0' is selected.
15:23:14 INFO  : The application 'C:/Users/PC-CLICK-PLUS/stage/vitis/prj_counter_interrupt/counter_interrupt/Debug/counter_interrupt.elf' is downloaded to processor 'ps7_cortexa9_0'.
15:23:14 INFO  : 'configparams force-mem-access 0' command is executed.
15:23:14 INFO  : ----------------XSDB Script----------------
connect -url tcp:127.0.0.1:3121
targets -set -nocase -filter {name =~"APU*"}
rst -system
after 3000
targets -set -filter {jtag_cable_name =~ "Digilent Zed 210248764391" && level==0} -index 1
fpga -file C:/Users/PC-CLICK-PLUS/stage/vitis/prj_counter_interrupt/counter_interrupt/_ide/bitstream/design_1_wrapper.bit
targets -set -nocase -filter {name =~"APU*"}
loadhw -hw C:/Users/PC-CLICK-PLUS/stage/vitis/prj_counter_interrupt/prj_counter_interrupt/export/prj_counter_interrupt/hw/design_1_wrapper.xsa -mem-ranges [list {0x40000000 0xbfffffff}]
configparams force-mem-access 1
targets -set -nocase -filter {name =~"APU*"}
source C:/Users/PC-CLICK-PLUS/stage/vitis/prj_counter_interrupt/counter_interrupt/_ide/psinit/ps7_init.tcl
ps7_init
ps7_post_config
targets -set -nocase -filter {name =~ "*A9*#0"}
dow C:/Users/PC-CLICK-PLUS/stage/vitis/prj_counter_interrupt/counter_interrupt/Debug/counter_interrupt.elf
configparams force-mem-access 0
----------------End of Script----------------

15:23:14 INFO  : Memory regions updated for context APU
15:23:15 INFO  : Context for processor 'ps7_cortexa9_0' is selected.
15:23:15 INFO  : 'con' command is executed.
15:23:15 INFO  : ----------------XSDB Script (After Launch)----------------
targets -set -nocase -filter {name =~ "*A9*#0"}
con
----------------End of Script----------------

15:23:15 INFO  : Launch script is exported to file 'C:\Users\PC-CLICK-PLUS\stage\vitis\prj_counter_interrupt\.sdk\launch_scripts\single_application_debug\debugger_counter_interrupt-default.tcl'
15:25:05 INFO  : Checking for BSP changes to sync application flags for project 'counter_interrupt'...
15:25:14 INFO  : Connected to target on host '127.0.0.1' and port '3121'.
15:25:14 INFO  : 'targets -set -filter {jtag_cable_name =~ "Digilent Zed 210248764391" && level==0} -index 1' command is executed.
15:25:17 INFO  : FPGA configured successfully with bitstream "C:/Users/PC-CLICK-PLUS/stage/vivado/project_counter_interr/design_1_wrapper.bit"
15:25:24 INFO  : Connected to target on host '127.0.0.1' and port '3121'.
15:25:24 INFO  : Jtag cable 'Digilent Zed 210248764391' is selected.
15:25:24 INFO  : 'jtag frequency' command is executed.
15:25:24 INFO  : Context for 'APU' is selected.
15:25:24 INFO  : System reset is completed.
15:25:27 INFO  : 'after 3000' command is executed.
15:25:28 INFO  : 'targets -set -filter {jtag_cable_name =~ "Digilent Zed 210248764391" && level==0} -index 1' command is executed.
15:25:30 INFO  : FPGA configured successfully with bitstream "C:/Users/PC-CLICK-PLUS/stage/vitis/prj_counter_interrupt/counter_interrupt/_ide/bitstream/design_1_wrapper.bit"
15:25:30 INFO  : Context for 'APU' is selected.
15:25:30 INFO  : Hardware design information is loaded from 'C:/Users/PC-CLICK-PLUS/stage/vitis/prj_counter_interrupt/prj_counter_interrupt/export/prj_counter_interrupt/hw/design_1_wrapper.xsa'.
15:25:30 INFO  : 'configparams force-mem-access 1' command is executed.
15:25:30 INFO  : Context for 'APU' is selected.
15:25:30 INFO  : Sourcing of 'C:/Users/PC-CLICK-PLUS/stage/vitis/prj_counter_interrupt/counter_interrupt/_ide/psinit/ps7_init.tcl' is done.
15:25:30 INFO  : 'ps7_init' command is executed.
15:25:30 INFO  : 'ps7_post_config' command is executed.
15:25:31 INFO  : Context for processor 'ps7_cortexa9_0' is selected.
15:25:31 INFO  : The application 'C:/Users/PC-CLICK-PLUS/stage/vitis/prj_counter_interrupt/counter_interrupt/Debug/counter_interrupt.elf' is downloaded to processor 'ps7_cortexa9_0'.
15:25:31 INFO  : 'configparams force-mem-access 0' command is executed.
15:25:31 INFO  : ----------------XSDB Script----------------
connect -url tcp:127.0.0.1:3121
targets -set -nocase -filter {name =~"APU*"}
rst -system
after 3000
targets -set -filter {jtag_cable_name =~ "Digilent Zed 210248764391" && level==0} -index 1
fpga -file C:/Users/PC-CLICK-PLUS/stage/vitis/prj_counter_interrupt/counter_interrupt/_ide/bitstream/design_1_wrapper.bit
targets -set -nocase -filter {name =~"APU*"}
loadhw -hw C:/Users/PC-CLICK-PLUS/stage/vitis/prj_counter_interrupt/prj_counter_interrupt/export/prj_counter_interrupt/hw/design_1_wrapper.xsa -mem-ranges [list {0x40000000 0xbfffffff}]
configparams force-mem-access 1
targets -set -nocase -filter {name =~"APU*"}
source C:/Users/PC-CLICK-PLUS/stage/vitis/prj_counter_interrupt/counter_interrupt/_ide/psinit/ps7_init.tcl
ps7_init
ps7_post_config
targets -set -nocase -filter {name =~ "*A9*#0"}
dow C:/Users/PC-CLICK-PLUS/stage/vitis/prj_counter_interrupt/counter_interrupt/Debug/counter_interrupt.elf
configparams force-mem-access 0
----------------End of Script----------------

15:25:31 INFO  : Context for processor 'ps7_cortexa9_0' is selected.
15:25:31 INFO  : 'con' command is executed.
15:25:31 INFO  : ----------------XSDB Script (After Launch)----------------
targets -set -nocase -filter {name =~ "*A9*#0"}
con
----------------End of Script----------------

15:25:31 INFO  : Disconnected from the channel tcfchan#7.
15:27:08 INFO  : Checking for BSP changes to sync application flags for project 'counter_interrupt'...
15:27:20 INFO  : Connected to target on host '127.0.0.1' and port '3121'.
15:27:20 INFO  : 'targets -set -filter {jtag_cable_name =~ "Digilent Zed 210248764391" && level==0} -index 1' command is executed.
15:27:22 INFO  : FPGA configured successfully with bitstream "C:/Users/PC-CLICK-PLUS/stage/vivado/project_counter_interr/design_1_wrapper.bit"
15:27:30 WARN  : channel "tcfchan#7" closed
15:27:31 INFO  : Connected to target on host '127.0.0.1' and port '3121'.
15:27:31 INFO  : Jtag cable 'Digilent Zed 210248764391' is selected.
15:27:31 INFO  : 'jtag frequency' command is executed.
15:27:31 INFO  : Context for 'APU' is selected.
15:27:31 INFO  : System reset is completed.
15:27:34 INFO  : 'after 3000' command is executed.
15:27:34 INFO  : 'targets -set -filter {jtag_cable_name =~ "Digilent Zed 210248764391" && level==0} -index 1' command is executed.
15:27:37 INFO  : FPGA configured successfully with bitstream "C:/Users/PC-CLICK-PLUS/stage/vitis/prj_counter_interrupt/counter_interrupt/_ide/bitstream/design_1_wrapper.bit"
15:27:37 INFO  : Context for 'APU' is selected.
15:27:37 INFO  : Hardware design information is loaded from 'C:/Users/PC-CLICK-PLUS/stage/vitis/prj_counter_interrupt/prj_counter_interrupt/export/prj_counter_interrupt/hw/design_1_wrapper.xsa'.
15:27:37 INFO  : 'configparams force-mem-access 1' command is executed.
15:27:37 INFO  : Context for 'APU' is selected.
15:27:37 INFO  : Sourcing of 'C:/Users/PC-CLICK-PLUS/stage/vitis/prj_counter_interrupt/counter_interrupt/_ide/psinit/ps7_init.tcl' is done.
15:27:37 INFO  : 'ps7_init' command is executed.
15:27:37 INFO  : 'ps7_post_config' command is executed.
15:27:37 INFO  : Context for processor 'ps7_cortexa9_0' is selected.
15:27:38 INFO  : The application 'C:/Users/PC-CLICK-PLUS/stage/vitis/prj_counter_interrupt/counter_interrupt/Debug/counter_interrupt.elf' is downloaded to processor 'ps7_cortexa9_0'.
15:27:38 INFO  : 'configparams force-mem-access 0' command is executed.
15:27:38 INFO  : ----------------XSDB Script----------------
connect -url tcp:127.0.0.1:3121
targets -set -nocase -filter {name =~"APU*"}
rst -system
after 3000
targets -set -filter {jtag_cable_name =~ "Digilent Zed 210248764391" && level==0} -index 1
fpga -file C:/Users/PC-CLICK-PLUS/stage/vitis/prj_counter_interrupt/counter_interrupt/_ide/bitstream/design_1_wrapper.bit
targets -set -nocase -filter {name =~"APU*"}
loadhw -hw C:/Users/PC-CLICK-PLUS/stage/vitis/prj_counter_interrupt/prj_counter_interrupt/export/prj_counter_interrupt/hw/design_1_wrapper.xsa -mem-ranges [list {0x40000000 0xbfffffff}]
configparams force-mem-access 1
targets -set -nocase -filter {name =~"APU*"}
source C:/Users/PC-CLICK-PLUS/stage/vitis/prj_counter_interrupt/counter_interrupt/_ide/psinit/ps7_init.tcl
ps7_init
ps7_post_config
targets -set -nocase -filter {name =~ "*A9*#0"}
dow C:/Users/PC-CLICK-PLUS/stage/vitis/prj_counter_interrupt/counter_interrupt/Debug/counter_interrupt.elf
configparams force-mem-access 0
----------------End of Script----------------

15:27:38 INFO  : Memory regions updated for context APU
15:27:38 INFO  : Context for processor 'ps7_cortexa9_0' is selected.
15:27:38 INFO  : 'con' command is executed.
15:27:38 INFO  : ----------------XSDB Script (After Launch)----------------
targets -set -nocase -filter {name =~ "*A9*#0"}
con
----------------End of Script----------------

15:27:38 INFO  : Launch script is exported to file 'C:\Users\PC-CLICK-PLUS\stage\vitis\prj_counter_interrupt\.sdk\launch_scripts\single_application_debug\debugger_counter_interrupt-default.tcl'
15:41:46 INFO  : Checking for BSP changes to sync application flags for project 'counter_interrupt'...
15:42:36 INFO  : Connected to target on host '127.0.0.1' and port '3121'.
15:42:36 INFO  : 'targets -set -filter {jtag_cable_name =~ "Digilent Zed 210248764391" && level==0} -index 1' command is executed.
15:42:38 INFO  : FPGA configured successfully with bitstream "C:/Users/PC-CLICK-PLUS/stage/vivado/project_counter_interr/design_1_wrapper.bit"
15:42:45 INFO  : Connected to target on host '127.0.0.1' and port '3121'.
15:42:46 INFO  : Jtag cable 'Digilent Zed 210248764391' is selected.
15:42:46 INFO  : 'jtag frequency' command is executed.
15:42:46 INFO  : Context for 'APU' is selected.
15:42:46 INFO  : System reset is completed.
15:42:49 INFO  : 'after 3000' command is executed.
15:42:49 INFO  : 'targets -set -filter {jtag_cable_name =~ "Digilent Zed 210248764391" && level==0} -index 1' command is executed.
15:42:51 INFO  : FPGA configured successfully with bitstream "C:/Users/PC-CLICK-PLUS/stage/vitis/prj_counter_interrupt/counter_interrupt/_ide/bitstream/design_1_wrapper.bit"
15:42:51 INFO  : Context for 'APU' is selected.
15:42:51 INFO  : Hardware design information is loaded from 'C:/Users/PC-CLICK-PLUS/stage/vitis/prj_counter_interrupt/prj_counter_interrupt/export/prj_counter_interrupt/hw/design_1_wrapper.xsa'.
15:42:51 INFO  : 'configparams force-mem-access 1' command is executed.
15:42:51 INFO  : Context for 'APU' is selected.
15:42:52 INFO  : Sourcing of 'C:/Users/PC-CLICK-PLUS/stage/vitis/prj_counter_interrupt/counter_interrupt/_ide/psinit/ps7_init.tcl' is done.
15:42:52 INFO  : 'ps7_init' command is executed.
15:42:52 INFO  : 'ps7_post_config' command is executed.
15:42:52 INFO  : Context for processor 'ps7_cortexa9_0' is selected.
15:42:52 INFO  : The application 'C:/Users/PC-CLICK-PLUS/stage/vitis/prj_counter_interrupt/counter_interrupt/Debug/counter_interrupt.elf' is downloaded to processor 'ps7_cortexa9_0'.
15:42:52 INFO  : 'configparams force-mem-access 0' command is executed.
15:42:52 INFO  : ----------------XSDB Script----------------
connect -url tcp:127.0.0.1:3121
targets -set -nocase -filter {name =~"APU*"}
rst -system
after 3000
targets -set -filter {jtag_cable_name =~ "Digilent Zed 210248764391" && level==0} -index 1
fpga -file C:/Users/PC-CLICK-PLUS/stage/vitis/prj_counter_interrupt/counter_interrupt/_ide/bitstream/design_1_wrapper.bit
targets -set -nocase -filter {name =~"APU*"}
loadhw -hw C:/Users/PC-CLICK-PLUS/stage/vitis/prj_counter_interrupt/prj_counter_interrupt/export/prj_counter_interrupt/hw/design_1_wrapper.xsa -mem-ranges [list {0x40000000 0xbfffffff}]
configparams force-mem-access 1
targets -set -nocase -filter {name =~"APU*"}
source C:/Users/PC-CLICK-PLUS/stage/vitis/prj_counter_interrupt/counter_interrupt/_ide/psinit/ps7_init.tcl
ps7_init
ps7_post_config
targets -set -nocase -filter {name =~ "*A9*#0"}
dow C:/Users/PC-CLICK-PLUS/stage/vitis/prj_counter_interrupt/counter_interrupt/Debug/counter_interrupt.elf
configparams force-mem-access 0
----------------End of Script----------------

15:42:52 INFO  : Context for processor 'ps7_cortexa9_0' is selected.
15:42:52 INFO  : 'con' command is executed.
15:42:52 INFO  : ----------------XSDB Script (After Launch)----------------
targets -set -nocase -filter {name =~ "*A9*#0"}
con
----------------End of Script----------------

15:42:52 INFO  : Disconnected from the channel tcfchan#8.
15:44:06 WARN  : channel "tcfchan#8" closed
14:14:12 INFO  : Launching XSCT server: xsct.bat -n  -interactive C:\Users\PC-CLICK-PLUS\Desktop\Stage_CRTI\vitis\prj_counter_interrupt\temp_xsdb_launch_script.tcl
14:14:25 INFO  : Registering command handlers for Vitis TCF services
14:14:26 INFO  : XSCT server has started successfully.
14:14:26 INFO  : plnx-install-location is set to ''
14:14:30 INFO  : Successfully done setting XSCT server connection channel  
14:14:30 INFO  : Successfully done query RDI_DATADIR 
14:14:30 INFO  : Successfully done setting workspace for the tool. 
