#-----------------------------------------------------------
# Webtalk v2019.2 (64-bit)
# SW Build 2708876 on Wed Nov  6 21:40:23 MST 2019
# 
# Start of session at: Thu Sep 26 12:04:17 2024
# Process ID: 17080
# Current directory: C:/Users/PC-CLICK-PLUS/Desktop/Stage_CRTI/vitis/prj_wifi_jstk/webtalk
# Command line: wbtcv.exe -mode batch -source vitis_webtalk.tcl
# Log file: C:/Users/PC-CLICK-PLUS/Desktop/Stage_CRTI/vitis/prj_wifi_jstk/webtalk/webtalk.log
# Journal file: C:/Users/PC-CLICK-PLUS/Desktop/Stage_CRTI/vitis/prj_wifi_jstk/webtalk\webtalk.jou
#-----------------------------------------------------------
source vitis_webtalk.tcl
# webtalk_init -webtalk_dir C:\\Users\\PC-CLICK-PLUS\\Desktop\\Stage_CRTI\\vitis\\prj_wifi_jstk\\webtalk
# webtalk_register_client -client project
# webtalk_add_data -client project -key date_generated -value "2024-09-26 12:04:13" -context "software_version_and_target_device"
# webtalk_add_data -client project -key product_version -value "Vitis v2019.2" -context "software_version_and_target_device"
# webtalk_add_data -client project -key build_version -value "2019.2" -context "software_version_and_target_device"
# webtalk_add_data -client project -key os_platform -value "amd64" -context "software_version_and_target_device"
# webtalk_add_data -client project -key registration_id -value "212720095_0_0_107" -context "software_version_and_target_device"
# webtalk_add_data -client project -key tool_flow -value "Vitis" -context "software_version_and_target_device"
# webtalk_add_data -client project -key beta -value "false" -context "software_version_and_target_device"
# webtalk_add_data -client project -key route_design -value "NA" -context "software_version_and_target_device"
# webtalk_add_data -client project -key target_family -value "NA" -context "software_version_and_target_device"
# webtalk_add_data -client project -key target_device -value "NA" -context "software_version_and_target_device"
# webtalk_add_data -client project -key target_package -value "NA" -context "software_version_and_target_device"
# webtalk_add_data -client project -key target_speed -value "NA" -context "software_version_and_target_device"
# webtalk_add_data -client project -key random_id -value "n3srrng5lrd72j5q2rgesbchf5" -context "software_version_and_target_device"
# webtalk_add_data -client project -key project_id -value "2019.2_57" -context "software_version_and_target_device"
# webtalk_add_data -client project -key project_iteration -value "57" -context "software_version_and_target_device"
# webtalk_add_data -client project -key os_name -value "Microsoft Windows 8 or later , 64-bit" -context "user_environment"
# webtalk_add_data -client project -key os_release -value "major release  (build 9200)" -context "user_environment"
# webtalk_add_data -client project -key cpu_name -value "Intel(R) Core(TM) i3-7020U CPU @ 2.30GHz" -context "user_environment"
# webtalk_add_data -client project -key cpu_speed -value "2304 MHz" -context "user_environment"
# webtalk_add_data -client project -key total_processors -value "1" -context "user_environment"
# webtalk_add_data -client project -key system_ram -value "8.490 GB" -context "user_environment"
# webtalk_register_client -client vitis
# webtalk_add_data -client vitis -key uid -value "NA" -context "vitis\\\\tool/1727348653724"
# webtalk_add_data -client vitis -key RecordType -value "ToolUsage" -context "vitis\\\\tool/1727348653724"
# webtalk_add_data -client vitis -key BOOTGEN_count -value "0" -context "vitis\\\\tool/1727348653724"
# webtalk_add_data -client vitis -key FLASH_count -value "0" -context "vitis\\\\tool/1727348653724"
# webtalk_add_data -client vitis -key MOVE_APP_TO_SYSTEM_count -value "0" -context "vitis\\\\tool/1727348653724"
# webtalk_add_data -client vitis -key SDX_EXPORT_count -value "0" -context "vitis\\\\tool/1727348653724"
# webtalk_add_data -client vitis -key SDX_IMPORT_count -value "0" -context "vitis\\\\tool/1727348653724"
# webtalk_add_data -client vitis -key SDX_BUILD_count -value "3" -context "vitis\\\\tool/1727348653724"
# webtalk_add_data -client vitis -key SDX_NO_OP_BUILD_count -value "0" -context "vitis\\\\tool/1727348653724"
# webtalk_add_data -client vitis -key TCF_APP_DEBUG_count -value "0" -context "vitis\\\\tool/1727348653724"
# webtalk_add_data -client vitis -key TCF_SYSTEM_DEBUG_count -value "0" -context "vitis\\\\tool/1727348653724"
# webtalk_add_data -client vitis -key GDB_DEBUG_count -value "0" -context "vitis\\\\tool/1727348653724"
# webtalk_add_data -client vitis -key QEMU_DEBUG_count -value "0" -context "vitis\\\\tool/1727348653724"
# webtalk_add_data -client vitis -key ESTIMATION_DEBUG_count -value "0" -context "vitis\\\\tool/1727348653724"
# webtalk_add_data -client vitis -key SDSOC_TRACE_count -value "0" -context "vitis\\\\tool/1727348653724"
# webtalk_add_data -client vitis -key PERFORMANCE_ANALYSIS_count -value "0" -context "vitis\\\\tool/1727348653724"
# webtalk_add_data -client vitis -key SPM_ANALYSIS_count -value "0" -context "vitis\\\\tool/1727348653724"
# webtalk_add_data -client vitis -key CROSS_TRIGGER_count -value "0" -context "vitis\\\\tool/1727348653724"
# webtalk_add_data -client vitis -key TCF_PROFILER_count -value "0" -context "vitis\\\\tool/1727348653724"
# webtalk_add_data -client vitis -key APPLICATION_PLATFORM_CHANGE_count -value "0" -context "vitis\\\\tool/1727348653724"
# webtalk_add_data -client vitis -key APPLICATION_SYS_CONFIG_CHANGE_count -value "0" -context "vitis\\\\tool/1727348653724"
# webtalk_add_data -client vitis -key SYSTEM_PLATFORM_CHANGE_count -value "0" -context "vitis\\\\tool/1727348653724"
# webtalk_transmit -clientid 1611315558 -regid "212720095_0_0_107" -xml C:\\Users\\PC-CLICK-PLUS\\Desktop\\Stage_CRTI\\vitis\\prj_wifi_jstk\\webtalk\\usage_statistics_ext_vitis.xml -html C:\\Users\\PC-CLICK-PLUS\\Desktop\\Stage_CRTI\\vitis\\prj_wifi_jstk\\webtalk\\usage_statistics_ext_vitis.html -wdm C:\\Users\\PC-CLICK-PLUS\\Desktop\\Stage_CRTI\\vitis\\prj_wifi_jstk\\webtalk\\vitis_webtalk.wdm -intro "<H3>Vitis Usage Report</H3><BR>"
# webtalk_terminate
INFO: [Common 17-206] Exiting Webtalk at Thu Sep 26 12:04:20 2024...
