15:29:49 **** Build of project platfir ****
buildplatform.bat 58919 platfir  
XSDB Server Channel: tcfchan#1
Building the BSP Library for domain  - standalone_domain on processor ps7_cortexa9_0
"Running Make include in ps7_cortexa9_0/libsrc/coresightps_dcc_v1_6/src"

make -C ps7_cortexa9_0/libsrc/coresightps_dcc_v1_6/src -s include  "SHELL=CMD" "COMPILER=arm-none-eabi-gcc" "ASSEMBLER=arm-none
-eabi-as" "ARCHIVER=arm-none-eabi-ar" "COMPILER_FLAGS=  -O2 -c" "EXTRA_COMPILER_FLAGS=-mcpu=cortex-a9 -mfpu=vfpv3 -mfloat-abi=h
ard -nostartfiles -g -Wall -Wextra"

"Running Make include in ps7_cortexa9_0/libsrc/cpu_cortexa9_v2_8/src"

make -C ps7_cortexa9_0/libsrc/cpu_cortexa9_v2_8/src -s include  "SHELL=CMD" "COMPILER=arm-none-eabi-gcc" "ASSEMBLER=arm-none-ea
bi-as" "ARCHIVER=arm-none-eabi-ar" "COMPILER_FLAGS=  -O2 -c" "EXTRA_COMPILER_FLAGS=-mcpu=cortex-a9 -mfpu=vfpv3 -mfloat-abi=hard
 -nostartfiles -g -Wall -Wextra"

"Running Make include in ps7_cortexa9_0/libsrc/ddrps_v1_0/src"

make -C ps7_cortexa9_0/libsrc/ddrps_v1_0/src -s include  "SHELL=CMD" "COMPILER=arm-none-eabi-gcc" "ASSEMBLER=arm-none-eabi-as" 
"ARCHIVER=arm-none-eabi-ar" "COMPILER_FLAGS=  -O2 -c" "EXTRA_COMPILER_FLAGS=-mcpu=cortex-a9 -mfpu=vfpv3 -mfloat-abi=hard -nosta
rtfiles -g -Wall -Wextra"

"Running Make include in ps7_cortexa9_0/libsrc/devcfg_v3_5/src"

make -C ps7_cortexa9_0/libsrc/devcfg_v3_5/src -s include  "SHELL=CMD" "COMPILER=arm-none-eabi-gcc" "ASSEMBLER=arm-none-eabi-as"
 "ARCHIVER=arm-none-eabi-ar" "COMPILER_FLAGS=  -O2 -c" "EXTRA_COMPILER_FLAGS=-mcpu=cortex-a9 -mfpu=vfpv3 -mfloat-abi=hard -nost
artfiles -g -Wall -Wextra"

"Running Make include in ps7_cortexa9_0/libsrc/dmaps_v2_5/src"

make -C ps7_cortexa9_0/libsrc/dmaps_v2_5/src -s include  "SHELL=CMD" "COMPILER=arm-none-eabi-gcc" "ASSEMBLER=arm-none-eabi-as" 
"ARCHIVER=arm-none-eabi-ar" "COMPILER_FLAGS=  -O2 -c" "EXTRA_COMPILER_FLAGS=-mcpu=cortex-a9 -mfpu=vfpv3 -mfloat-abi=hard -nosta
rtfiles -g -Wall -Wextra"

"Running Make include in ps7_cortexa9_0/libsrc/emacps_v3_10/src"

make -C ps7_cortexa9_0/libsrc/emacps_v3_10/src -s include  "SHELL=CMD" "COMPILER=arm-none-eabi-gcc" "ASSEMBLER=arm-none-eabi-as
" "ARCHIVER=arm-none-eabi-ar" "COMPILER_FLAGS=  -O2 -c" "EXTRA_COMPILER_FLAGS=-mcpu=cortex-a9 -mfpu=vfpv3 -mfloat-abi=hard -nos
tartfiles -g -Wall -Wextra"

"Running Make include in ps7_cortexa9_0/libsrc/gpiops_v3_6/src"

make -C ps7_cortexa9_0/libsrc/gpiops_v3_6/src -s include  "SHELL=CMD" "COMPILER=arm-none-eabi-gcc" "ASSEMBLER=arm-none-eabi-as"
 "ARCHIVER=arm-none-eabi-ar" "COMPILER_FLAGS=  -O2 -c" "EXTRA_COMPILER_FLAGS=-mcpu=cortex-a9 -mfpu=vfpv3 -mfloat-abi=hard -nost
artfiles -g -Wall -Wextra"

"Running Make include in ps7_cortexa9_0/libsrc/PmodSD_v1_0/src"

make -C ps7_cortexa9_0/libsrc/PmodSD_v1_0/src -s include  "SHELL=CMD" "COMPILER=arm-none-eabi-gcc" "ASSEMBLER=arm-none-eabi-as"
 "ARCHIVER=arm-none-eabi-ar" "COMPILER_FLAGS=  -O2 -c" "EXTRA_COMPILER_FLAGS=-mcpu=cortex-a9 -mfpu=vfpv3 -mfloat-abi=hard -nost
artfiles -g -Wall -Wextra"

"Running Make include in ps7_cortexa9_0/libsrc/PmodWIFI_v1_0/src"

make -C ps7_cortexa9_0/libsrc/PmodWIFI_v1_0/src -s include  "SHELL=CMD" "COMPILER=arm-none-eabi-gcc" "ASSEMBLER=arm-none-eabi-a
s" "ARCHIVER=arm-none-eabi-ar" "COMPILER_FLAGS=  -O2 -c" "EXTRA_COMPILER_FLAGS=-mcpu=cortex-a9 -mfpu=vfpv3 -mfloat-abi=hard -no
startfiles -g -Wall -Wextra"

"Running Make include in ps7_cortexa9_0/libsrc/qspips_v3_6/src"

make -C ps7_cortexa9_0/libsrc/qspips_v3_6/src -s include  "SHELL=CMD" "COMPILER=arm-none-eabi-gcc" "ASSEMBLER=arm-none-eabi-as"
 "ARCHIVER=arm-none-eabi-ar" "COMPILER_FLAGS=  -O2 -c" "EXTRA_COMPILER_FLAGS=-mcpu=cortex-a9 -mfpu=vfpv3 -mfloat-abi=hard -nost
artfiles -g -Wall -Wextra"

"Running Make include in ps7_cortexa9_0/libsrc/scugic_v4_1/src"

make -C ps7_cortexa9_0/libsrc/scugic_v4_1/src -s include  "SHELL=CMD" "COMPILER=arm-none-eabi-gcc" "ASSEMBLER=arm-none-eabi-as"
 "ARCHIVER=arm-none-eabi-ar" "COMPILER_FLAGS=  -O2 -c" "EXTRA_COMPILER_FLAGS=-mcpu=cortex-a9 -mfpu=vfpv3 -mfloat-abi=hard -nost
artfiles -g -Wall -Wextra"

"Running Make include in ps7_cortexa9_0/libsrc/scutimer_v2_1/src"

make -C ps7_cortexa9_0/libsrc/scutimer_v2_1/src -s include  "SHELL=CMD" "COMPILER=arm-none-eabi-gcc" "ASSEMBLER=arm-none-eabi-a
s" "ARCHIVER=arm-none-eabi-ar" "COMPILER_FLAGS=  -O2 -c" "EXTRA_COMPILER_FLAGS=-mcpu=cortex-a9 -mfpu=vfpv3 -mfloat-abi=hard -no
startfiles -g -Wall -Wextra"

"Running Make include in ps7_cortexa9_0/libsrc/scuwdt_v2_1/src"

make -C ps7_cortexa9_0/libsrc/scuwdt_v2_1/src -s include  "SHELL=CMD" "COMPILER=arm-none-eabi-gcc" "ASSEMBLER=arm-none-eabi-as"
 "ARCHIVER=arm-none-eabi-ar" "COMPILER_FLAGS=  -O2 -c" "EXTRA_COMPILER_FLAGS=-mcpu=cortex-a9 -mfpu=vfpv3 -mfloat-abi=hard -nost
artfiles -g -Wall -Wextra"

"Running Make include in ps7_cortexa9_0/libsrc/sdps_v3_8/src"

make -C ps7_cortexa9_0/libsrc/sdps_v3_8/src -s include  "SHELL=CMD" "COMPILER=arm-none-eabi-gcc" "ASSEMBLER=arm-none-eabi-as" "
ARCHIVER=arm-none-eabi-ar" "COMPILER_FLAGS=  -O2 -c" "EXTRA_COMPILER_FLAGS=-mcpu=cortex-a9 -mfpu=vfpv3 -mfloat-abi=hard -nostar
tfiles -g -Wall -Wextra"

"Running Make include in ps7_cortexa9_0/libsrc/standalone_v7_1/src"

make -C ps7_cortexa9_0/libsrc/standalone_v7_1/src -s include  "SHELL=CMD" "COMPILER=arm-none-eabi-gcc" "ASSEMBLER=arm-none-eabi
-as" "ARCHIVER=arm-none-eabi-ar" "COMPILER_FLAGS=  -O2 -c" "EXTRA_COMPILER_FLAGS=-mcpu=cortex-a9 -mfpu=vfpv3 -mfloat-abi=hard -
nostartfiles -g -Wall -Wextra"

"Running Make include in ps7_cortexa9_0/libsrc/uartps_v3_8/src"

make -C ps7_cortexa9_0/libsrc/uartps_v3_8/src -s include  "SHELL=CMD" "COMPILER=arm-none-eabi-gcc" "ASSEMBLER=arm-none-eabi-as"
 "ARCHIVER=arm-none-eabi-ar" "COMPILER_FLAGS=  -O2 -c" "EXTRA_COMPILER_FLAGS=-mcpu=cortex-a9 -mfpu=vfpv3 -mfloat-abi=hard -nost
artfiles -g -Wall -Wextra"

"Running Make include in ps7_cortexa9_0/libsrc/usbps_v2_4/src"

make -C ps7_cortexa9_0/libsrc/usbps_v2_4/src -s include  "SHELL=CMD" "COMPILER=arm-none-eabi-gcc" "ASSEMBLER=arm-none-eabi-as" 
"ARCHIVER=arm-none-eabi-ar" "COMPILER_FLAGS=  -O2 -c" "EXTRA_COMPILER_FLAGS=-mcpu=cortex-a9 -mfpu=vfpv3 -mfloat-abi=hard -nosta
rtfiles -g -Wall -Wextra"

"Running Make include in ps7_cortexa9_0/libsrc/xadcps_v2_3/src"

make -C ps7_cortexa9_0/libsrc/xadcps_v2_3/src -s include  "SHELL=CMD" "COMPILER=arm-none-eabi-gcc" "ASSEMBLER=arm-none-eabi-as"
 "ARCHIVER=arm-none-eabi-ar" "COMPILER_FLAGS=  -O2 -c" "EXTRA_COMPILER_FLAGS=-mcpu=cortex-a9 -mfpu=vfpv3 -mfloat-abi=hard -nost
artfiles -g -Wall -Wextra"

"Running Make libs in ps7_cortexa9_0/libsrc/coresightps_dcc_v1_6/src"

make -C ps7_cortexa9_0/libsrc/coresightps_dcc_v1_6/src -s libs  "SHELL=CMD" "COMPILER=arm-none-eabi-gcc" "ASSEMBLER=arm-none-ea
bi-as" "ARCHIVER=arm-none-eabi-ar" "COMPILER_FLAGS=  -O2 -c" "EXTRA_COMPILER_FLAGS=-mcpu=cortex-a9 -mfpu=vfpv3 -mfloat-abi=hard
 -nostartfiles -g -Wall -Wextra"

"Compiling coresightps_dcc"

arm-none-eabi-ar: creating ../../../lib/libxil.a
"Running Make libs in ps7_cortexa9_0/libsrc/cpu_cortexa9_v2_8/src"

make -C ps7_cortexa9_0/libsrc/cpu_cortexa9_v2_8/src -s libs  "SHELL=CMD" "COMPILER=arm-none-eabi-gcc" "ASSEMBLER=arm-none-eabi-
as" "ARCHIVER=arm-none-eabi-ar" "COMPILER_FLAGS=  -O2 -c" "EXTRA_COMPILER_FLAGS=-mcpu=cortex-a9 -mfpu=vfpv3 -mfloat-abi=hard -n
ostartfiles -g -Wall -Wextra"

"Compiling cpu_cortexa9"

"Running Make libs in ps7_cortexa9_0/libsrc/ddrps_v1_0/src"

make -C ps7_cortexa9_0/libsrc/ddrps_v1_0/src -s libs  "SHELL=CMD" "COMPILER=arm-none-eabi-gcc" "ASSEMBLER=arm-none-eabi-as" "AR
CHIVER=arm-none-eabi-ar" "COMPILER_FLAGS=  -O2 -c" "EXTRA_COMPILER_FLAGS=-mcpu=cortex-a9 -mfpu=vfpv3 -mfloat-abi=hard -nostartf
iles -g -Wall -Wextra"

"Compiling ddrps"

"Running Make libs in ps7_cortexa9_0/libsrc/devcfg_v3_5/src"

make -C ps7_cortexa9_0/libsrc/devcfg_v3_5/src -s libs  "SHELL=CMD" "COMPILER=arm-none-eabi-gcc" "ASSEMBLER=arm-none-eabi-as" "A
RCHIVER=arm-none-eabi-ar" "COMPILER_FLAGS=  -O2 -c" "EXTRA_COMPILER_FLAGS=-mcpu=cortex-a9 -mfpu=vfpv3 -mfloat-abi=hard -nostart
files -g -Wall -Wextra"

"Compiling devcfg"

"Running Make libs in ps7_cortexa9_0/libsrc/dmaps_v2_5/src"

make -C ps7_cortexa9_0/libsrc/dmaps_v2_5/src -s libs  "SHELL=CMD" "COMPILER=arm-none-eabi-gcc" "ASSEMBLER=arm-none-eabi-as" "AR
CHIVER=arm-none-eabi-ar" "COMPILER_FLAGS=  -O2 -c" "EXTRA_COMPILER_FLAGS=-mcpu=cortex-a9 -mfpu=vfpv3 -mfloat-abi=hard -nostartf
iles -g -Wall -Wextra"

"Compiling dmaps"

"Running Make libs in ps7_cortexa9_0/libsrc/emacps_v3_10/src"

make -C ps7_cortexa9_0/libsrc/emacps_v3_10/src -s libs  "SHELL=CMD" "COMPILER=arm-none-eabi-gcc" "ASSEMBLER=arm-none-eabi-as" "
ARCHIVER=arm-none-eabi-ar" "COMPILER_FLAGS=  -O2 -c" "EXTRA_COMPILER_FLAGS=-mcpu=cortex-a9 -mfpu=vfpv3 -mfloat-abi=hard -nostar
tfiles -g -Wall -Wextra"

"Compiling emacps"

"Running Make libs in ps7_cortexa9_0/libsrc/gpiops_v3_6/src"

make -C ps7_cortexa9_0/libsrc/gpiops_v3_6/src -s libs  "SHELL=CMD" "COMPILER=arm-none-eabi-gcc" "ASSEMBLER=arm-none-eabi-as" "A
RCHIVER=arm-none-eabi-ar" "COMPILER_FLAGS=  -O2 -c" "EXTRA_COMPILER_FLAGS=-mcpu=cortex-a9 -mfpu=vfpv3 -mfloat-abi=hard -nostart
files -g -Wall -Wextra"

"Compiling gpiops"

"Running Make libs in ps7_cortexa9_0/libsrc/PmodSD_v1_0/src"

make -C ps7_cortexa9_0/libsrc/PmodSD_v1_0/src -s libs  "SHELL=CMD" "COMPILER=arm-none-eabi-gcc" "ASSEMBLER=arm-none-eabi-as" "A
RCHIVER=arm-none-eabi-ar" "COMPILER_FLAGS=  -O2 -c" "EXTRA_COMPILER_FLAGS=-mcpu=cortex-a9 -mfpu=vfpv3 -mfloat-abi=hard -nostart
files -g -Wall -Wextra"

"Compiling PmodSD..."

utility/fs_ff.c: In function 'ff_convert':
utility/fs_ff.c:557:35: warning: unused parameter 'dir' [-Wunused-parameter]
 WCHAR ff_convert (WCHAR wch, UINT dir)
"Running Make libs in ps7_cortexa9_0/libsrc/PmodWIFI_v1_0/src"

make -C ps7_cortexa9_0/libsrc/PmodWIFI_v1_0/src -s libs  "SHELL=CMD" "COMPILER=arm-none-eabi-gcc" "ASSEMBLER=arm-none-eabi-as" 
"ARCHIVER=arm-none-eabi-ar" "COMPILER_FLAGS=  -O2 -c" "EXTRA_COMPILER_FLAGS=-mcpu=cortex-a9 -mfpu=vfpv3 -mfloat-abi=hard -nosta
rtfiles -g -Wall -Wextra"

"Compiling PmodWIFI..."

xtmrctr_sinit.c: In function 'XTmrCtr_LookupConfig':
xtmrctr_sinit.c:89:24: warning: comparison is always false due to limited range of data type [-Wtype-limits]
  for (Index = 0; Index < XPAR_XTMRCTR_NUM_INSTANCES; Index++) {
                        ^
In file included from ./DEIPcK/utility/fpga/../../../MRF24G/utility/ud_inc/internal/wf_global_includes.h:44,
                 from ./DEIPcK/utility/fpga/System.h:64,
                 from ./DEIPcK/utility/System.h:54,
                 from ./DEIPcK/utility/deIP.h:59,
                 from ../../../include/DEIPcK.h:64,
                 from DEIPcK/DEIPcK.cpp:54:
./DEIPcK/utility/fpga/../../../MRF24G/utility/ud_inc/internal/../../wf_customize.h:50: warning: "INLINE" redefined
 #define INLINE
 
In file included from ./DEIPcK/utility/fpga/System.h:62,
                 from ./DEIPcK/utility/System.h:54,
                 from ./DEIPcK/utility/deIP.h:59,
                 from ../../../include/DEIPcK.h:64,
                 from DEIPcK/DEIPcK.cpp:54:
../../../include/xil_io.h:93: note: this is the location of the previous definition
 #define INLINE inline
 
In file included from ./DEIPcK/utility/fpga/System.h:70,
                 from ./DEIPcK/utility/System.h:54,
                 from ./DEIPcK/utility/deIP.h:59,
                 from ../../../include/DEIPcK.h:64,
                 from DEIPcK/DEIPcK.cpp:54:
../../../include/xtime_l.h:85:70: note: #pragma message: For the sleep routines, Global timer is being used
 #pragma message ("For the sleep routines, Global timer is being used")
                                                                      ^
In file included from DEIPcK/utility/fpga/../../../MRF24G/utility/ud_inc/internal/wf_global_includes.h:44,
                 from DEIPcK/utility/fpga/System.h:64,
                 from DEIPcK/utility/System.h:54,
                 from DEIPcK/utility/deIP.h:59,
                 from DEIPcK/DEIPcK.h:64,
                 from DEIPcK/TCPServer.cpp:51:
DEIPcK/utility/fpga/../../../MRF24G/utility/ud_inc/internal/../../wf_customize.h:50: warning: "INLINE" redefined
 #define INLINE
 
In file included from DEIPcK/utility/fpga/System.h:62,
                 from DEIPcK/utility/System.h:54,
                 from DEIPcK/utility/deIP.h:59,
                 from DEIPcK/DEIPcK.h:64,
                 from DEIPcK/TCPServer.cpp:51:
../../../include/xil_io.h:93: note: this is the location of the previous definition
 #define INLINE inline
 
In file included from DEIPcK/utility/fpga/System.h:70,
                 from DEIPcK/utility/System.h:54,
                 from DEIPcK/utility/deIP.h:59,
                 from DEIPcK/DEIPcK.h:64,
                 from DEIPcK/TCPServer.cpp:51:
../../../include/xtime_l.h:85:70: note: #pragma message: For the sleep routines, Global timer is being used
 #pragma message ("For the sleep routines, Global timer is being used")
                                                                      ^
In file included from DEIPcK/utility/fpga/../../../MRF24G/utility/ud_inc/internal/wf_global_includes.h:44,
                 from DEIPcK/utility/fpga/System.h:64,
                 from DEIPcK/utility/System.h:54,
                 from DEIPcK/utility/deIP.h:59,
                 from DEIPcK/DEIPcK.h:64,
                 from DEIPcK/TCPSocket.cpp:51:
DEIPcK/utility/fpga/../../../MRF24G/utility/ud_inc/internal/../../wf_customize.h:50: warning: "INLINE" redefined
 #define INLINE
 
In file included from DEIPcK/utility/fpga/System.h:62,
                 from DEIPcK/utility/System.h:54,
                 from DEIPcK/utility/deIP.h:59,
                 from DEIPcK/DEIPcK.h:64,
                 from DEIPcK/TCPSocket.cpp:51:
../../../include/xil_io.h:93: note: this is the location of the previous definition
 #define INLINE inline
 
In file included from DEIPcK/utility/fpga/System.h:70,
                 from DEIPcK/utility/System.h:54,
                 from DEIPcK/utility/deIP.h:59,
                 from DEIPcK/DEIPcK.h:64,
                 from DEIPcK/TCPSocket.cpp:51:
../../../include/xtime_l.h:85:70: note: #pragma message: For the sleep routines, Global timer is being used
 #pragma message ("For the sleep routines, Global timer is being used")
                                                                      ^
In file included from DEIPcK/utility/fpga/../../../MRF24G/utility/ud_inc/internal/wf_global_includes.h:44,
                 from DEIPcK/utility/fpga/System.h:64,
                 from DEIPcK/utility/System.h:54,
                 from DEIPcK/utility/deIP.h:59,
                 from DEIPcK/DEIPcK.h:64,
                 from DEIPcK/UDPServer.cpp:51:
DEIPcK/utility/fpga/../../../MRF24G/utility/ud_inc/internal/../../wf_customize.h:50: warning: "INLINE" redefined
 #define INLINE
 
In file included from DEIPcK/utility/fpga/System.h:62,
                 from DEIPcK/utility/System.h:54,
                 from DEIPcK/utility/deIP.h:59,
                 from DEIPcK/DEIPcK.h:64,
                 from DEIPcK/UDPServer.cpp:51:
../../../include/xil_io.h:93: note: this is the location of the previous definition
 #define INLINE inline
 
In file included from DEIPcK/utility/fpga/System.h:70,
                 from DEIPcK/utility/System.h:54,
                 from DEIPcK/utility/deIP.h:59,
                 from DEIPcK/DEIPcK.h:64,
                 from DEIPcK/UDPServer.cpp:51:
../../../include/xtime_l.h:85:70: note: #pragma message: For the sleep routines, Global timer is being used
 #pragma message ("For the sleep routines, Global timer is being used")
                                                                      ^
In file included from DEIPcK/utility/fpga/../../../MRF24G/utility/ud_inc/internal/wf_global_includes.h:44,
                 from DEIPcK/utility/fpga/System.h:64,
                 from DEIPcK/utility/System.h:54,
                 from DEIPcK/utility/deIP.h:59,
                 from DEIPcK/DEIPcK.h:64,
                 from DEIPcK/UDPSocket.cpp:51:
DEIPcK/utility/fpga/../../../MRF24G/utility/ud_inc/internal/../../wf_customize.h:50: warning: "INLINE" redefined
 #define INLINE
 
In file included from DEIPcK/utility/fpga/System.h:62,
                 from DEIPcK/utility/System.h:54,
                 from DEIPcK/utility/deIP.h:59,
                 from DEIPcK/DEIPcK.h:64,
                 from DEIPcK/UDPSocket.cpp:51:
../../../include/xil_io.h:93: note: this is the location of the previous definition
 #define INLINE inline
 
In file included from DEIPcK/utility/fpga/System.h:70,
                 from DEIPcK/utility/System.h:54,
                 from DEIPcK/utility/deIP.h:59,
                 from DEIPcK/DEIPcK.h:64,
                 from DEIPcK/UDPSocket.cpp:51:
../../../include/xtime_l.h:85:70: note: #pragma message: For the sleep routines, Global timer is being used
 #pragma message ("For the sleep routines, Global timer is being used")
                                                                      ^
In file included from DEIPcK/utility/fpga/../../../MRF24G/utility/ud_inc/internal/wf_global_includes.h:44,
                 from DEIPcK/utility/fpga/System.h:64,
                 from DEIPcK/utility/System.h:54,
                 from DEIPcK/utility/deIP.h:59,
                 from DEIPcK/utility/DHCP.c:52:
DEIPcK/utility/fpga/../../../MRF24G/utility/ud_inc/internal/../../wf_customize.h:50: warning: "INLINE" redefined
 #define INLINE
 
In file included from DEIPcK/utility/fpga/System.h:62,
                 from DEIPcK/utility/System.h:54,
                 from DEIPcK/utility/deIP.h:59,
                 from DEIPcK/utility/DHCP.c:52:
../../../include/xil_io.h:93: note: this is the location of the previous definition
 #define INLINE inline
 
In file included from DEIPcK/utility/fpga/System.h:70,
                 from DEIPcK/utility/System.h:54,
                 from DEIPcK/utility/deIP.h:59,
                 from DEIPcK/utility/DHCP.c:52:
../../../include/xtime_l.h:85:9: note: #pragma message: For the sleep routines, Global timer is being used
 #pragma message ("For the sleep routines, Global timer is being used")
         ^~~~~~~
DEIPcK/utility/DHCP.c: In function 'DHCPStateMachine':
DEIPcK/utility/DHCP.c:759:17: warning: 'memcpy' accessing 6 bytes at offsets 341 and 345 overlaps 2 bytes at offset 345 [-Wrestrict]
                 memcpy(&pLLAdp->pDHCPMem->dgDHCP.options[3], &pLLAdp->pDHCPMem->dgDHCP.options[7], 6);
                 ^~~~~~~~~~~~~~~~~~~~~~~~~~~~~~~~~~~~~~~~~~~~~~~~~~~~~~~~~~~~~~~~~~~~~~~~~~~~~~~~~~~~~
DEIPcK/utility/DHCP.c:762:17: warning: 'memcpy' accessing 6 bytes at offsets 347 and 351 overlaps 2 bytes at offset 351 [-Wrestrict]
                 memcpy(&pLLAdp->pDHCPMem->dgDHCP.options[9], &pLLAdp->pDHCPMem->dgDHCP.options[13], 6);
                 ^~~~~~~~~~~~~~~~~~~~~~~~~~~~~~~~~~~~~~~~~~~~~~~~~~~~~~~~~~~~~~~~~~~~~~~~~~~~~~~~~~~~~~
In file included from DEIPcK/utility/fpga/../../../MRF24G/utility/ud_inc/internal/wf_global_includes.h:44,
                 from DEIPcK/utility/fpga/System.h:64,
                 from DEIPcK/utility/System.h:54,
                 from DEIPcK/utility/deIP.h:59,
                 from DEIPcK/utility/DNS.c:53:
DEIPcK/utility/fpga/../../../MRF24G/utility/ud_inc/internal/../../wf_customize.h:50: warning: "INLINE" redefined
 #define INLINE
 
In file included from DEIPcK/utility/fpga/System.h:62,
                 from DEIPcK/utility/System.h:54,
                 from DEIPcK/utility/deIP.h:59,
                 from DEIPcK/utility/DNS.c:53:
../../../include/xil_io.h:93: note: this is the location of the previous definition
 #define INLINE inline
 
In file included from DEIPcK/utility/fpga/System.h:70,
                 from DEIPcK/utility/System.h:54,
                 from DEIPcK/utility/deIP.h:59,
                 from DEIPcK/utility/DNS.c:53:
../../../include/xtime_l.h:85:9: note: #pragma message: For the sleep routines, Global timer is being used
 #pragma message ("For the sleep routines, Global timer is being used")
         ^~~~~~~
DEIPcK/utility/DNS.c: In function 'DNSStateMachine':
DEIPcK/utility/DNS.c:756:13: warning: this statement may fall through [-Wimplicit-fallthrough=]
             memcpy(&pLLAdp->pDNSMem->socket.s.ipRemote, &pLLAdp->pDNSMem->dnsNS[pLLAdp->pDNSMem->iDNSCur], ILIPSize(pLLAdp));
             ^~~~~~~~~~~~~~~~~~~~~~~~~~~~~~~~~~~~~~~~~~~~~~~~~~~~~~~~~~~~~~~~~~~~~~~~~~~~~~~~~~~~~~~~~~~~~~~~~~~~~~~~~~~~~~~~
DEIPcK/utility/DNS.c:760:9: note: here
         case dnsReadySend:
         ^~~~
In file included from DEIPcK/utility/fpga/../../../MRF24G/utility/ud_inc/internal/wf_global_includes.h:44,
                 from DEIPcK/utility/fpga/System.h:64,
                 from DEIPcK/utility/System.h:54,
                 from DEIPcK/utility/deIP.h:59,
                 from DEIPcK/utility/HeapMgr.c:51:
DEIPcK/utility/fpga/../../../MRF24G/utility/ud_inc/internal/../../wf_customize.h:50: warning: "INLINE" redefined
 #define INLINE
 
In file included from DEIPcK/utility/fpga/System.h:62,
                 from DEIPcK/utility/System.h:54,
                 from DEIPcK/utility/deIP.h:59,
                 from DEIPcK/utility/HeapMgr.c:51:
../../../include/xil_io.h:93: note: this is the location of the previous definition
 #define INLINE inline
 
In file included from DEIPcK/utility/fpga/System.h:70,
                 from DEIPcK/utility/System.h:54,
                 from DEIPcK/utility/deIP.h:59,
                 from DEIPcK/utility/HeapMgr.c:51:
../../../include/xtime_l.h:85:9: note: #pragma message: For the sleep routines, Global timer is being used
 #pragma message ("For the sleep routines, Global timer is being used")
         ^~~~~~~
In file included from DEIPcK/utility/fpga/../../../MRF24G/utility/ud_inc/internal/wf_global_includes.h:44,
                 from DEIPcK/utility/fpga/System.h:64,
                 from DEIPcK/utility/System.h:54,
                 from DEIPcK/utility/deIP.h:59,
                 from DEIPcK/utility/ICMP.c:57:
DEIPcK/utility/fpga/../../../MRF24G/utility/ud_inc/internal/../../wf_customize.h:50: warning: "INLINE" redefined
 #define INLINE
 
In file included from DEIPcK/utility/fpga/System.h:62,
                 from DEIPcK/utility/System.h:54,
                 from DEIPcK/utility/deIP.h:59,
                 from DEIPcK/utility/ICMP.c:57:
../../../include/xil_io.h:93: note: this is the location of the previous definition
 #define INLINE inline
 
In file included from DEIPcK/utility/fpga/System.h:70,
                 from DEIPcK/utility/System.h:54,
                 from DEIPcK/utility/deIP.h:59,
                 from DEIPcK/utility/ICMP.c:57:
../../../include/xtime_l.h:85:9: note: #pragma message: For the sleep routines, Global timer is being used
 #pragma message ("For the sleep routines, Global timer is being used")
         ^~~~~~~
In file included from DEIPcK/utility/fpga/../../../MRF24G/utility/ud_inc/internal/wf_global_includes.h:44,
                 from DEIPcK/utility/fpga/System.h:64,
                 from DEIPcK/utility/System.h:54,
                 from DEIPcK/utility/deIP.h:59,
                 from DEIPcK/utility/InternetLayer.c:53:
DEIPcK/utility/fpga/../../../MRF24G/utility/ud_inc/internal/../../wf_customize.h:50: warning: "INLINE" redefined
 #define INLINE
 
In file included from DEIPcK/utility/fpga/System.h:62,
                 from DEIPcK/utility/System.h:54,
                 from DEIPcK/utility/deIP.h:59,
                 from DEIPcK/utility/InternetLayer.c:53:
../../../include/xil_io.h:93: note: this is the location of the previous definition
 #define INLINE inline
 
In file included from DEIPcK/utility/fpga/System.h:70,
                 from DEIPcK/utility/System.h:54,
                 from DEIPcK/utility/deIP.h:59,
                 from DEIPcK/utility/InternetLayer.c:53:
../../../include/xtime_l.h:85:9: note: #pragma message: For the sleep routines, Global timer is being used
 #pragma message ("For the sleep routines, Global timer is being used")
         ^~~~~~~
DEIPcK/utility/InternetLayer.c: In function 'ILIsMyIP':
DEIPcK/utility/InternetLayer.c:217:12: warning: '__builtin_memcmp_eq' reading 16 bytes from a region of size 4 [-Wstringop-overflow=]
         if(memcmp(&pLLAdp->ipMy.ipv6, &pIP, sizeof(IPv6)) == 0)
            ^~~~~~~~~~~~~~~~~~~~~~~~~~~~~~~~~~~~~~~~~~~~~~
In file included from DEIPcK/utility/fpga/../../../MRF24G/utility/ud_inc/internal/wf_global_includes.h:44,
                 from DEIPcK/utility/fpga/System.h:64,
                 from DEIPcK/utility/System.h:54,
                 from DEIPcK/utility/deIP.h:59,
                 from DEIPcK/utility/IPStack.c:54:
DEIPcK/utility/fpga/../../../MRF24G/utility/ud_inc/internal/../../wf_customize.h:50: warning: "INLINE" redefined
 #define INLINE
 
In file included from DEIPcK/utility/fpga/System.h:62,
                 from DEIPcK/utility/System.h:54,
                 from DEIPcK/utility/deIP.h:59,
                 from DEIPcK/utility/IPStack.c:54:
../../../include/xil_io.h:93: note: this is the location of the previous definition
 #define INLINE inline
 
In file included from DEIPcK/utility/fpga/System.h:70,
                 from DEIPcK/utility/System.h:54,
                 from DEIPcK/utility/deIP.h:59,
                 from DEIPcK/utility/IPStack.c:54:
../../../include/xtime_l.h:85:9: note: #pragma message: For the sleep routines, Global timer is being used
 #pragma message ("For the sleep routines, Global timer is being used")
         ^~~~~~~
DEIPcK/utility/IPStack.c:58:29: warning: missing braces around initializer [-Wmissing-braces]
 const IPv4 IPv4BROADCAST  = {{0xFF, 0xFF, 0xFF, 0xFF}};
                             ^
                               {                     }
DEIPcK/utility/IPStack.c:58:29: warning: missing braces around initializer [-Wmissing-braces]
 const IPv4 IPv4BROADCAST  = {{0xFF, 0xFF, 0xFF, 0xFF}};
                             ^
                               {                     }
DEIPcK/utility/IPStack.c:59:29: warning: missing braces around initializer [-Wmissing-braces]
 const IPv4 IPv4NONE       = {{0x00, 0x00, 0x00, 0x00}};    // RFC xxx
                             ^
                               {                     }
DEIPcK/utility/IPStack.c:59:29: warning: missing braces around initializer [-Wmissing-braces]
 const IPv4 IPv4NONE       = {{0x00, 0x00, 0x00, 0x00}};    // RFC xxx
                             ^
                               {                     }
DEIPcK/utility/IPStack.c:60:29: warning: missing braces around initializer [-Wmissing-braces]
 const IPv6 IPv6NONE       = {{0x00, 0x00, 0x00, 0x00, 0x00, 0x00, 0x00, 0x00, 0x00, 0x00, 0x00, 0x00, 0x00, 0x00, 0x00, 0x00}};    // RFC xxx
                             ^
                               {                                                                                             }
DEIPcK/utility/IPStack.c:60:29: warning: missing braces around initializer [-Wmissing-braces]
 const IPv6 IPv6NONE       = {{0x00, 0x00, 0x00, 0x00, 0x00, 0x00, 0x00, 0x00, 0x00, 0x00, 0x00, 0x00, 0x00, 0x00, 0x00, 0x00}};    // RFC xxx
                             ^
                               {                                                                                             }
In file included from DEIPcK/utility/fpga/../../../MRF24G/utility/ud_inc/internal/wf_global_includes.h:44,
                 from DEIPcK/utility/fpga/System.h:64,
                 from DEIPcK/utility/System.h:54,
                 from DEIPcK/utility/deIP.h:59,
                 from DEIPcK/utility/LinkLayer.c:53:
DEIPcK/utility/fpga/../../../MRF24G/utility/ud_inc/internal/../../wf_customize.h:50: warning: "INLINE" redefined
 #define INLINE
 
In file included from DEIPcK/utility/fpga/System.h:62,
                 from DEIPcK/utility/System.h:54,
                 from DEIPcK/utility/deIP.h:59,
                 from DEIPcK/utility/LinkLayer.c:53:
../../../include/xil_io.h:93: note: this is the location of the previous definition
 #define INLINE inline
 
In file included from DEIPcK/utility/fpga/System.h:70,
                 from DEIPcK/utility/System.h:54,
                 from DEIPcK/utility/deIP.h:59,
                 from DEIPcK/utility/LinkLayer.c:53:
../../../include/xtime_l.h:85:9: note: #pragma message: For the sleep routines, Global timer is being used
 #pragma message ("For the sleep routines, Global timer is being used")
         ^~~~~~~
DEIPcK/utility/LinkLayer.c:57:32: warning: missing braces around initializer [-Wmissing-braces]
 const MACADDR MACBROADCAST   = {{0xFF, 0xFF, 0xFF, 0xFF, 0xFF, 0xFF}};    // RFC 894
                                ^
                                  {                                 }
DEIPcK/utility/LinkLayer.c:57:32: warning: missing braces around initializer [-Wmissing-braces]
 const MACADDR MACBROADCAST   = {{0xFF, 0xFF, 0xFF, 0xFF, 0xFF, 0xFF}};    // RFC 894
                                ^
                                  {                                 }
DEIPcK/utility/LinkLayer.c:58:32: warning: missing braces around initializer [-Wmissing-braces]
 const MACADDR MACNONE        = {{0x00, 0x00, 0x00, 0x00, 0x00, 0x00}};    // RFC 894
                                ^
                                  {                                 }
DEIPcK/utility/LinkLayer.c:58:32: warning: missing braces around initializer [-Wmissing-braces]
 const MACADDR MACNONE        = {{0x00, 0x00, 0x00, 0x00, 0x00, 0x00}};    // RFC 894
                                ^
                                  {                                 }
DEIPcK/utility/LinkLayer.c: In function 'LLGetARPEntry':
DEIPcK/utility/LinkLayer.c:537:15: warning: this statement may fall through [-Wimplicit-fallthrough=]
             if(ILIsIPv6(pLLAdp))
               ^
DEIPcK/utility/LinkLayer.c:549:9: note: here
         case ipsARPExistingIndex:
         ^~~~
In file included from DEIPcK/utility/fpga/../../../MRF24G/utility/ud_inc/internal/wf_global_includes.h:44,
                 from DEIPcK/utility/fpga/System.h:64,
                 from DEIPcK/utility/System.h:54,
                 from DEIPcK/utility/deIP.h:59,
                 from DEIPcK/utility/SNTPv4.c:53:
DEIPcK/utility/fpga/../../../MRF24G/utility/ud_inc/internal/../../wf_customize.h:50: warning: "INLINE" redefined
 #define INLINE
 
In file included from DEIPcK/utility/fpga/System.h:62,
                 from DEIPcK/utility/System.h:54,
                 from DEIPcK/utility/deIP.h:59,
                 from DEIPcK/utility/SNTPv4.c:53:
../../../include/xil_io.h:93: note: this is the location of the previous definition
 #define INLINE inline
 
In file included from DEIPcK/utility/fpga/System.h:70,
                 from DEIPcK/utility/System.h:54,
                 from DEIPcK/utility/deIP.h:59,
                 from DEIPcK/utility/SNTPv4.c:53:
../../../include/xtime_l.h:85:9: note: #pragma message: For the sleep routines, Global timer is being used
 #pragma message ("For the sleep routines, Global timer is being used")
         ^~~~~~~
In file included from ./DEIPcK/utility/fpga/../../../MRF24G/utility/ud_inc/internal/wf_global_includes.h:44,
                 from ./DEIPcK/utility/fpga/System.h:64,
                 from ./DEIPcK/utility/System.h:54,
                 from ./DEIPcK/utility/deIP.h:59,
                 from DEIPcK/utility/fpga/System.c:53,
                 from DEIPcK/utility/System.c:54:
./DEIPcK/utility/fpga/../../../MRF24G/utility/ud_inc/internal/../../wf_customize.h:50: warning: "INLINE" redefined
 #define INLINE
 
In file included from ./DEIPcK/utility/fpga/System.h:62,
                 from ./DEIPcK/utility/System.h:54,
                 from ./DEIPcK/utility/deIP.h:59,
                 from DEIPcK/utility/fpga/System.c:53,
                 from DEIPcK/utility/System.c:54:
../../../include/xil_io.h:93: note: this is the location of the previous definition
 #define INLINE inline
 
In file included from ./DEIPcK/utility/fpga/System.h:70,
                 from ./DEIPcK/utility/System.h:54,
                 from ./DEIPcK/utility/deIP.h:59,
                 from DEIPcK/utility/fpga/System.c:53,
                 from DEIPcK/utility/System.c:54:
../../../include/xtime_l.h:85:9: note: #pragma message: For the sleep routines, Global timer is being used
 #pragma message ("For the sleep routines, Global timer is being used")
         ^~~~~~~
In file included from DEIPcK/utility/fpga/../../../MRF24G/utility/ud_inc/internal/wf_global_includes.h:44,
                 from DEIPcK/utility/fpga/System.h:64,
                 from DEIPcK/utility/System.h:54,
                 from DEIPcK/utility/deIP.h:59,
                 from DEIPcK/utility/TCP.c:51:
DEIPcK/utility/fpga/../../../MRF24G/utility/ud_inc/internal/../../wf_customize.h:50: warning: "INLINE" redefined
 #define INLINE
 
In file included from DEIPcK/utility/fpga/System.h:62,
                 from DEIPcK/utility/System.h:54,
                 from DEIPcK/utility/deIP.h:59,
                 from DEIPcK/utility/TCP.c:51:
../../../include/xil_io.h:93: note: this is the location of the previous definition
 #define INLINE inline
 
In file included from DEIPcK/utility/fpga/System.h:70,
                 from DEIPcK/utility/System.h:54,
                 from DEIPcK/utility/deIP.h:59,
                 from DEIPcK/utility/TCP.c:51:
../../../include/xtime_l.h:85:9: note: #pragma message: For the sleep routines, Global timer is being used
 #pragma message ("For the sleep routines, Global timer is being used")
         ^~~~~~~
In file included from DEIPcK/utility/fpga/../../../MRF24G/utility/ud_inc/internal/wf_global_includes.h:44,
                 from DEIPcK/utility/fpga/System.h:64,
                 from DEIPcK/utility/System.h:54,
                 from DEIPcK/utility/deIP.h:59,
                 from DEIPcK/utility/TCPRFC793.c:51:
DEIPcK/utility/fpga/../../../MRF24G/utility/ud_inc/internal/../../wf_customize.h:50: warning: "INLINE" redefined
 #define INLINE
 
In file included from DEIPcK/utility/fpga/System.h:62,
                 from DEIPcK/utility/System.h:54,
                 from DEIPcK/utility/deIP.h:59,
                 from DEIPcK/utility/TCPRFC793.c:51:
../../../include/xil_io.h:93: note: this is the location of the previous definition
 #define INLINE inline
 
In file included from DEIPcK/utility/fpga/System.h:70,
                 from DEIPcK/utility/System.h:54,
                 from DEIPcK/utility/deIP.h:59,
                 from DEIPcK/utility/TCPRFC793.c:51:
../../../include/xtime_l.h:85:9: note: #pragma message: For the sleep routines, Global timer is being used
 #pragma message ("For the sleep routines, Global timer is being used")
         ^~~~~~~
In file included from DEIPcK/utility/fpga/../../../MRF24G/utility/ud_inc/internal/wf_global_includes.h:44,
                 from DEIPcK/utility/fpga/System.h:64,
                 from DEIPcK/utility/System.h:54,
                 from DEIPcK/utility/deIP.h:59,
                 from DEIPcK/utility/TCPStateMachine.c:51:
DEIPcK/utility/fpga/../../../MRF24G/utility/ud_inc/internal/../../wf_customize.h:50: warning: "INLINE" redefined
 #define INLINE
 
In file included from DEIPcK/utility/fpga/System.h:62,
                 from DEIPcK/utility/System.h:54,
                 from DEIPcK/utility/deIP.h:59,
                 from DEIPcK/utility/TCPStateMachine.c:51:
../../../include/xil_io.h:93: note: this is the location of the previous definition
 #define INLINE inline
 
In file included from DEIPcK/utility/fpga/System.h:70,
                 from DEIPcK/utility/System.h:54,
                 from DEIPcK/utility/deIP.h:59,
                 from DEIPcK/utility/TCPStateMachine.c:51:
../../../include/xtime_l.h:85:9: note: #pragma message: For the sleep routines, Global timer is being used
 #pragma message ("For the sleep routines, Global timer is being used")
         ^~~~~~~
DEIPcK/utility/TCPStateMachine.c: In function 'TCPStateMachine':
DEIPcK/utility/TCPStateMachine.c:255:33: warning: this statement may fall through [-Wimplicit-fallthrough=]
             pSocket->tcpState   = tcpEstablished;
DEIPcK/utility/TCPStateMachine.c:259:8: note: here
        case tcpEstablished:
        ^~~~
DEIPcK/utility/TCPStateMachine.c: In function 'TCPCheckForRST':
DEIPcK/utility/TCPStateMachine.c:634:19: warning: this statement may fall through [-Wimplicit-fallthrough=]
                 if(pSocket->tcpState == tcpSynSent)
                   ^
DEIPcK/utility/TCPStateMachine.c:642:13: note: here
             default:
             ^~~~~~~
In file included from DEIPcK/utility/fpga/../../../MRF24G/utility/ud_inc/internal/wf_global_includes.h:44,
                 from DEIPcK/utility/fpga/System.h:64,
                 from DEIPcK/utility/System.h:54,
                 from DEIPcK/utility/deIP.h:59,
                 from DEIPcK/utility/UDP.c:52:
DEIPcK/utility/fpga/../../../MRF24G/utility/ud_inc/internal/../../wf_customize.h:50: warning: "INLINE" redefined
 #define INLINE
 
In file included from DEIPcK/utility/fpga/System.h:62,
                 from DEIPcK/utility/System.h:54,
                 from DEIPcK/utility/deIP.h:59,
                 from DEIPcK/utility/UDP.c:52:
../../../include/xil_io.h:93: note: this is the location of the previous definition
 #define INLINE inline
 
In file included from DEIPcK/utility/fpga/System.h:70,
                 from DEIPcK/utility/System.h:54,
                 from DEIPcK/utility/deIP.h:59,
                 from DEIPcK/utility/UDP.c:52:
../../../include/xtime_l.h:85:9: note: #pragma message: For the sleep routines, Global timer is being used
 #pragma message ("For the sleep routines, Global timer is being used")
         ^~~~~~~
In file included from ./DEIPcK/utility/fpga/../../../MRF24G/utility/ud_inc/internal/wf_global_includes.h:44,
                 from ./DEIPcK/utility/fpga/System.h:64,
                 from ./DEIPcK/utility/System.h:54,
                 from ./DEIPcK/utility/deIP.h:59,
                 from ../../../include/DEIPcK.h:64,
                 from DEWFck/DEWFcK.cpp:56:
./DEIPcK/utility/fpga/../../../MRF24G/utility/ud_inc/internal/../../wf_customize.h:50: warning: "INLINE" redefined
 #define INLINE
 
In file included from ./DEIPcK/utility/fpga/System.h:62,
                 from ./DEIPcK/utility/System.h:54,
                 from ./DEIPcK/utility/deIP.h:59,
                 from ../../../include/DEIPcK.h:64,
                 from DEWFck/DEWFcK.cpp:56:
../../../include/xil_io.h:93: note: this is the location of the previous definition
 #define INLINE inline
 
In file included from ./DEIPcK/utility/fpga/System.h:70,
                 from ./DEIPcK/utility/System.h:54,
                 from ./DEIPcK/utility/deIP.h:59,
                 from ../../../include/DEIPcK.h:64,
                 from DEWFck/DEWFcK.cpp:56:
../../../include/xtime_l.h:85:70: note: #pragma message: For the sleep routines, Global timer is being used
 #pragma message ("For the sleep routines, Global timer is being used")
                                                                      ^
In file included from MRF24G/../DEIPcK/utility/fpga/../../../MRF24G/utility/ud_inc/internal/wf_global_includes.h:44,
                 from MRF24G/../DEIPcK/utility/fpga/System.h:64,
                 from MRF24G/../DEIPcK/utility/System.h:54,
                 from MRF24G/../DEIPcK/utility/deIP.h:59,
                 from MRF24G/MRF24GAdaptor.h:61,
                 from MRF24G/MRF24GAdaptor.c:52:
MRF24G/../DEIPcK/utility/fpga/../../../MRF24G/utility/ud_inc/internal/../../wf_customize.h:50: warning: "INLINE" redefined
 #define INLINE
 
In file included from MRF24G/../DEIPcK/utility/fpga/System.h:62,
                 from MRF24G/../DEIPcK/utility/System.h:54,
                 from MRF24G/../DEIPcK/utility/deIP.h:59,
                 from MRF24G/MRF24GAdaptor.h:61,
                 from MRF24G/MRF24GAdaptor.c:52:
../../../include/xil_io.h:93: note: this is the location of the previous definition
 #define INLINE inline
 
In file included from MRF24G/../DEIPcK/utility/fpga/System.h:70,
                 from MRF24G/../DEIPcK/utility/System.h:54,
                 from MRF24G/../DEIPcK/utility/deIP.h:59,
                 from MRF24G/MRF24GAdaptor.h:61,
                 from MRF24G/MRF24GAdaptor.c:52:
../../../include/xtime_l.h:85:9: note: #pragma message: For the sleep routines, Global timer is being used
 #pragma message ("For the sleep routines, Global timer is being used")
         ^~~~~~~
MRF24G/MRF24GAdaptor.c:427:1: warning: missing braces around initializer [-Wmissing-braces]
 {
 ^
MRF24G/MRF24GAdaptor.c:434:11:
         {{0x00, 0x00, 0x00, 0x00, 0x00, 0x00}},
           {                                 }
MRF24G/MRF24GAdaptor.c:427:1: warning: missing braces around initializer [-Wmissing-braces]
 {
 ^
MRF24G/MRF24GAdaptor.c:434:11:
         {{0x00, 0x00, 0x00, 0x00, 0x00, 0x00}},
           {                                 }
MRF24G/MRF24GAdaptor.c:427:1: warning: missing braces around initializer [-Wmissing-braces]
 {
 ^
MRF24G/MRF24GAdaptor.c:434:11:
         {{0x00, 0x00, 0x00, 0x00, 0x00, 0x00}},
           {                                 }
MRF24G/MRF24GAdaptor.c:427:1: warning: missing braces around initializer [-Wmissing-braces]
 {
 ^
MRF24G/MRF24GAdaptor.c:434:11:
         {{0x00, 0x00, 0x00, 0x00, 0x00, 0x00}},
           {                                 }
MRF24G/MRF24GAdaptor.c:427:1: warning: missing braces around initializer [-Wmissing-braces]
 {
 ^
MRF24G/MRF24GAdaptor.c:434:11:
         {{0x00, 0x00, 0x00, 0x00, 0x00, 0x00}},
           {                                 }
MRF24G/MRF24GAdaptor.c:427:1: warning: missing braces around initializer [-Wmissing-braces]
 {
 ^
MRF24G/MRF24GAdaptor.c:434:11:
         {{0x00, 0x00, 0x00, 0x00, 0x00, 0x00}},
           {                                 }
MRF24G/MRF24GAdaptor.c:427:1: warning: missing braces around initializer [-Wmissing-braces]
 {
 ^
MRF24G/MRF24GAdaptor.c:434:11:
         {{0x00, 0x00, 0x00, 0x00, 0x00, 0x00}},
           {                                 }
MRF24G/MRF24GAdaptor.c:427:1: warning: missing braces around initializer [-Wmissing-braces]
 {
 ^
MRF24G/MRF24GAdaptor.c:434:11:
         {{0x00, 0x00, 0x00, 0x00, 0x00, 0x00}},
           {                                 }
MRF24G/MRF24GAdaptor.c:427:1: warning: missing braces around initializer [-Wmissing-braces]
 {
 ^
MRF24G/MRF24GAdaptor.c:434:11:
         {{0x00, 0x00, 0x00, 0x00, 0x00, 0x00}},
           {                                 }
In file included from ../../../include/MRF24G/../DEIPcK/utility/fpga/../../../MRF24G/utility/ud_inc/internal/wf_global_includes.h:44,
                 from ../../../include/MRF24G/../DEIPcK/utility/fpga/System.h:64,
                 from ../../../include/MRF24G/../DEIPcK/utility/System.h:54,
                 from MRF24G/utility/fpga/DEMRF24G.cpp:54,
                 from MRF24G/DEMRF24G.cpp:55:
../../../include/MRF24G/../DEIPcK/utility/fpga/../../../MRF24G/utility/ud_inc/internal/../../wf_customize.h:50: warning: "INLINE" redefined
 #define INLINE
 
In file included from ../../../include/MRF24G/../DEIPcK/utility/fpga/System.h:62,
                 from ../../../include/MRF24G/../DEIPcK/utility/System.h:54,
                 from MRF24G/utility/fpga/DEMRF24G.cpp:54,
                 from MRF24G/DEMRF24G.cpp:55:
../../../include/xil_io.h:93: note: this is the location of the previous definition
 #define INLINE inline
 
In file included from ../../../include/MRF24G/../DEIPcK/utility/fpga/System.h:70,
                 from ../../../include/MRF24G/../DEIPcK/utility/System.h:54,
                 from MRF24G/utility/fpga/DEMRF24G.cpp:54,
                 from MRF24G/DEMRF24G.cpp:55:
../../../include/xtime_l.h:85:70: note: #pragma message: For the sleep routines, Global timer is being used
 #pragma message ("For the sleep routines, Global timer is being used")
                                                                      ^
In file included from MRF24G/utility/./ud_inc/shared/wf_universal_driver.h:53,
                 from MRF24G/utility/wf_connection_profile.c:46:
MRF24G/utility/./ud_inc/shared/../../wf_customize.h:43: warning: "LITTLE_ENDIAN" redefined
 #define LITTLE_ENDIAN 1234      // or #define BIG_ENDIAN 4321
 
In file included from c:\xilinx\vitis\2019.2\gnu\aarch32\nt\gcc-arm-none-eabi\arm-none-eabi\libc\usr\include\sys\types.h:67,
                 from c:\xilinx\vitis\2019.2\gnu\aarch32\nt\gcc-arm-none-eabi\arm-none-eabi\libc\usr\include\stdio.h:61,
                 from MRF24G/utility/wf_connection_profile.c:45:
c:\xilinx\vitis\2019.2\gnu\aarch32\nt\gcc-arm-none-eabi\arm-none-eabi\libc\usr\include\machine\endian.h:17: note: this is the location of the previous definition
 #define LITTLE_ENDIAN _LITTLE_ENDIAN
 
In file included from MRF24G/utility/./ud_inc/internal/wf_global_includes.h:45,
                 from MRF24G/utility/wf_connection_profile.c:47:
MRF24G/utility/./ud_inc/internal/wf_endian.h:71:6: warning: #warning "Must define either BIG_ENDIAN or LITTLE_ENDIAN" [-Wcpp]
     #warning "Must define either BIG_ENDIAN or LITTLE_ENDIAN" // NOTE(andreW): Currently the compiler will always trip on this preprocessor, and as an #error will fail the build step. This solution allows compilation without removing the message.
      ^~~~~~~
In file included from MRF24G/utility/fpga/../../../DEIPcK/utility/fpga/../../../MRF24G/utility/ud_inc/internal/wf_global_includes.h:44,
                 from MRF24G/utility/fpga/../../../DEIPcK/utility/fpga/System.h:64,
                 from MRF24G/utility/fpga/../../../DEIPcK/utility/System.h:54,
                 from MRF24G/utility/fpga/wf_eint_stub.c:47,
                 from MRF24G/utility/wf_eint_stub.c:45:
MRF24G/utility/fpga/../../../DEIPcK/utility/fpga/../../../MRF24G/utility/ud_inc/internal/../../wf_customize.h:50: warning: "INLINE" redefined
 #define INLINE
 
In file included from ././xgpio_l.h:83,
                 from ././xgpio.h:132,
                 from MRF24G/utility/fpga/wf_eint_stub.c:46,
                 from MRF24G/utility/wf_eint_stub.c:45:
../../../include/xil_io.h:93: note: this is the location of the previous definition
 #define INLINE inline
 
In file included from MRF24G/utility/fpga/../../../DEIPcK/utility/fpga/System.h:70,
                 from MRF24G/utility/fpga/../../../DEIPcK/utility/System.h:54,
                 from MRF24G/utility/fpga/wf_eint_stub.c:47,
                 from MRF24G/utility/wf_eint_stub.c:45:
../../../include/xtime_l.h:85:9: note: #pragma message: For the sleep routines, Global timer is being used
 #pragma message ("For the sleep routines, Global timer is being used")
         ^~~~~~~
In file included from MRF24G/utility/./ud_inc/shared/wf_universal_driver.h:53,
                 from MRF24G/utility/wf_event_queue.c:48:
MRF24G/utility/./ud_inc/shared/../../wf_customize.h:43: warning: "LITTLE_ENDIAN" redefined
 #define LITTLE_ENDIAN 1234      // or #define BIG_ENDIAN 4321
 
In file included from c:\xilinx\vitis\2019.2\gnu\aarch32\nt\gcc-arm-none-eabi\arm-none-eabi\libc\usr\include\sys\types.h:67,
                 from c:\xilinx\vitis\2019.2\gnu\aarch32\nt\gcc-arm-none-eabi\arm-none-eabi\libc\usr\include\stdio.h:61,
                 from MRF24G/utility/wf_event_queue.c:45:
c:\xilinx\vitis\2019.2\gnu\aarch32\nt\gcc-arm-none-eabi\arm-none-eabi\libc\usr\include\machine\endian.h:17: note: this is the location of the previous definition
 #define LITTLE_ENDIAN _LITTLE_ENDIAN
 
In file included from MRF24G/utility/./ud_inc/internal/wf_global_includes.h:45,
                 from MRF24G/utility/wf_event_queue.c:49:
MRF24G/utility/./ud_inc/internal/wf_endian.h:71:6: warning: #warning "Must define either BIG_ENDIAN or LITTLE_ENDIAN" [-Wcpp]
     #warning "Must define either BIG_ENDIAN or LITTLE_ENDIAN" // NOTE(andreW): Currently the compiler will always trip on this preprocessor, and as an #error will fail the build step. This solution allows compilation without removing the message.
      ^~~~~~~
In file included from MRF24G/utility/fpga/../../../DEIPcK/utility/fpga/../../../MRF24G/utility/ud_inc/internal/wf_global_includes.h:44,
                 from MRF24G/utility/fpga/../../../DEIPcK/utility/fpga/System.h:64,
                 from MRF24G/utility/fpga/../../../DEIPcK/utility/System.h:54,
                 from MRF24G/utility/fpga/../../../DEIPcK/utility/deIP.h:59,
                 from MRF24G/utility/fpga/../../MRF24GAdaptor.h:61,
                 from MRF24G/utility/fpga/wf_event_stub.c:33,
                 from MRF24G/utility/wf_event_stub.c:34:
MRF24G/utility/fpga/../../../DEIPcK/utility/fpga/../../../MRF24G/utility/ud_inc/internal/../../wf_customize.h:50: warning: "INLINE" redefined
 #define INLINE
 
In file included from MRF24G/utility/fpga/../../../DEIPcK/utility/fpga/System.h:62,
                 from MRF24G/utility/fpga/../../../DEIPcK/utility/System.h:54,
                 from MRF24G/utility/fpga/../../../DEIPcK/utility/deIP.h:59,
                 from MRF24G/utility/fpga/../../MRF24GAdaptor.h:61,
                 from MRF24G/utility/fpga/wf_event_stub.c:33,
                 from MRF24G/utility/wf_event_stub.c:34:
../../../include/xil_io.h:93: note: this is the location of the previous definition
 #define INLINE inline
 
In file included from MRF24G/utility/fpga/../../../DEIPcK/utility/fpga/System.h:70,
                 from MRF24G/utility/fpga/../../../DEIPcK/utility/System.h:54,
                 from MRF24G/utility/fpga/../../../DEIPcK/utility/deIP.h:59,
                 from MRF24G/utility/fpga/../../MRF24GAdaptor.h:61,
                 from MRF24G/utility/fpga/wf_event_stub.c:33,
                 from MRF24G/utility/wf_event_stub.c:34:
../../../include/xtime_l.h:85:9: note: #pragma message: For the sleep routines, Global timer is being used
 #pragma message ("For the sleep routines, Global timer is being used")
         ^~~~~~~
In file included from MRF24G/utility/fpga/../../../DEIPcK/utility/fpga/../../../MRF24G/utility/ud_inc/internal/wf_global_includes.h:44,
                 from MRF24G/utility/fpga/../../../DEIPcK/utility/fpga/System.h:64,
                 from MRF24G/utility/fpga/../../../DEIPcK/utility/System.h:54,
                 from MRF24G/utility/fpga/wf_gpio_stub.c:45,
                 from MRF24G/utility/wf_gpio_stub.c:47:
MRF24G/utility/fpga/../../../DEIPcK/utility/fpga/../../../MRF24G/utility/ud_inc/internal/../../wf_customize.h:50: warning: "INLINE" redefined
 #define INLINE
 
In file included from MRF24G/utility/fpga/../../../DEIPcK/utility/fpga/System.h:62,
                 from MRF24G/utility/fpga/../../../DEIPcK/utility/System.h:54,
                 from MRF24G/utility/fpga/wf_gpio_stub.c:45,
                 from MRF24G/utility/wf_gpio_stub.c:47:
../../../include/xil_io.h:93: note: this is the location of the previous definition
 #define INLINE inline
 
In file included from MRF24G/utility/fpga/../../../DEIPcK/utility/fpga/System.h:70,
                 from MRF24G/utility/fpga/../../../DEIPcK/utility/System.h:54,
                 from MRF24G/utility/fpga/wf_gpio_stub.c:45,
                 from MRF24G/utility/wf_gpio_stub.c:47:
../../../include/xtime_l.h:85:9: note: #pragma message: For the sleep routines, Global timer is being used
 #pragma message ("For the sleep routines, Global timer is being used")
         ^~~~~~~
In file included from MRF24G/utility/fpga/../../../DEIPcK/utility/fpga/../../../MRF24G/utility/ud_inc/internal/wf_global_includes.h:44,
                 from MRF24G/utility/fpga/../../../DEIPcK/utility/fpga/System.h:64,
                 from MRF24G/utility/fpga/../../../DEIPcK/utility/System.h:54,
                 from MRF24G/utility/fpga/wf_spi_stub.c:47,
                 from MRF24G/utility/wf_spi_stub.c:47:
MRF24G/utility/fpga/../../../DEIPcK/utility/fpga/../../../MRF24G/utility/ud_inc/internal/../../wf_customize.h:50: warning: "INLINE" redefined
 #define INLINE
 
In file included from MRF24G/utility/fpga/../../../DEIPcK/utility/fpga/System.h:62,
                 from MRF24G/utility/fpga/../../../DEIPcK/utility/System.h:54,
                 from MRF24G/utility/fpga/wf_spi_stub.c:47,
                 from MRF24G/utility/wf_spi_stub.c:47:
../../../include/xil_io.h:93: note: this is the location of the previous definition
 #define INLINE inline
 
In file included from MRF24G/utility/fpga/../../../DEIPcK/utility/fpga/System.h:70,
                 from MRF24G/utility/fpga/../../../DEIPcK/utility/System.h:54,
                 from MRF24G/utility/fpga/wf_spi_stub.c:47,
                 from MRF24G/utility/wf_spi_stub.c:47:
../../../include/xtime_l.h:85:9: note: #pragma message: For the sleep routines, Global timer is being used
 #pragma message ("For the sleep routines, Global timer is being used")
         ^~~~~~~
In file included from MRF24G/utility/fpga/../../../DEIPcK/utility/fpga/../../../MRF24G/utility/ud_inc/internal/wf_global_includes.h:44,
                 from MRF24G/utility/fpga/../../../DEIPcK/utility/fpga/System.h:64,
                 from MRF24G/utility/fpga/../../../DEIPcK/utility/System.h:54,
                 from MRF24G/utility/fpga/wf_timer_stub.c:46,
                 from MRF24G/utility/wf_timer_stub.c:46:
MRF24G/utility/fpga/../../../DEIPcK/utility/fpga/../../../MRF24G/utility/ud_inc/internal/../../wf_customize.h:50: warning: "INLINE" redefined
 #define INLINE
 
In file included from MRF24G/utility/fpga/../../../DEIPcK/utility/fpga/System.h:62,
                 from MRF24G/utility/fpga/../../../DEIPcK/utility/System.h:54,
                 from MRF24G/utility/fpga/wf_timer_stub.c:46,
                 from MRF24G/utility/wf_timer_stub.c:46:
../../../include/xil_io.h:93: note: this is the location of the previous definition
 #define INLINE inline
 
In file included from MRF24G/utility/fpga/../../../DEIPcK/utility/fpga/System.h:70,
                 from MRF24G/utility/fpga/../../../DEIPcK/utility/System.h:54,
                 from MRF24G/utility/fpga/wf_timer_stub.c:46,
                 from MRF24G/utility/wf_timer_stub.c:46:
../../../include/xtime_l.h:85:9: note: #pragma message: For the sleep routines, Global timer is being used
 #pragma message ("For the sleep routines, Global timer is being used")
         ^~~~~~~
In file included from MRF24G/utility/./ud_inc/shared/wf_universal_driver.h:53,
                 from MRF24G/utility/wf_ud_state.c:48:
MRF24G/utility/./ud_inc/shared/../../wf_customize.h:43: warning: "LITTLE_ENDIAN" redefined
 #define LITTLE_ENDIAN 1234      // or #define BIG_ENDIAN 4321
 
In file included from c:\xilinx\vitis\2019.2\gnu\aarch32\nt\gcc-arm-none-eabi\arm-none-eabi\libc\usr\include\sys\types.h:67,
                 from c:\xilinx\vitis\2019.2\gnu\aarch32\nt\gcc-arm-none-eabi\arm-none-eabi\libc\usr\include\stdio.h:61,
                 from MRF24G/utility/wf_ud_state.c:45:
c:\xilinx\vitis\2019.2\gnu\aarch32\nt\gcc-arm-none-eabi\arm-none-eabi\libc\usr\include\machine\endian.h:17: note: this is the location of the previous definition
 #define LITTLE_ENDIAN _LITTLE_ENDIAN
 
In file included from MRF24G/utility/./ud_inc/internal/wf_global_includes.h:45,
                 from MRF24G/utility/wf_ud_state.c:49:
MRF24G/utility/./ud_inc/internal/wf_endian.h:71:6: warning: #warning "Must define either BIG_ENDIAN or LITTLE_ENDIAN" [-Wcpp]
     #warning "Must define either BIG_ENDIAN or LITTLE_ENDIAN" // NOTE(andreW): Currently the compiler will always trip on this preprocessor, and as an #error will fail the build step. This solution allows compilation without removing the message.
      ^~~~~~~
In file included from MRF24G/utility/fpga/../../../DEIPcK/utility/fpga/../../../MRF24G/utility/ud_inc/internal/wf_global_includes.h:44,
                 from MRF24G/utility/fpga/../../../DEIPcK/utility/fpga/System.h:64,
                 from MRF24G/utility/fpga/../../../DEIPcK/utility/System.h:54,
                 from MRF24G/utility/fpga/wf_eint_stub.c:47:
MRF24G/utility/fpga/../../../DEIPcK/utility/fpga/../../../MRF24G/utility/ud_inc/internal/../../wf_customize.h:50: warning: "INLINE" redefined
 #define INLINE
 
In file included from ././xgpio_l.h:83,
                 from ././xgpio.h:132,
                 from MRF24G/utility/fpga/wf_eint_stub.c:46:
../../../include/xil_io.h:93: note: this is the location of the previous definition
 #define INLINE inline
 
In file included from MRF24G/utility/fpga/../../../DEIPcK/utility/fpga/System.h:70,
                 from MRF24G/utility/fpga/../../../DEIPcK/utility/System.h:54,
                 from MRF24G/utility/fpga/wf_eint_stub.c:47:
../../../include/xtime_l.h:85:9: note: #pragma message: For the sleep routines, Global timer is being used
 #pragma message ("For the sleep routines, Global timer is being used")
         ^~~~~~~
In file included from MRF24G/utility/fpga/../../../DEIPcK/utility/fpga/../../../MRF24G/utility/ud_inc/internal/wf_global_includes.h:44,
                 from MRF24G/utility/fpga/../../../DEIPcK/utility/fpga/System.h:64,
                 from MRF24G/utility/fpga/../../../DEIPcK/utility/System.h:54,
                 from MRF24G/utility/fpga/../../../DEIPcK/utility/deIP.h:59,
                 from MRF24G/utility/fpga/../../MRF24GAdaptor.h:61,
                 from MRF24G/utility/fpga/wf_event_stub.c:33:
MRF24G/utility/fpga/../../../DEIPcK/utility/fpga/../../../MRF24G/utility/ud_inc/internal/../../wf_customize.h:50: warning: "INLINE" redefined
 #define INLINE
 
In file included from MRF24G/utility/fpga/../../../DEIPcK/utility/fpga/System.h:62,
                 from MRF24G/utility/fpga/../../../DEIPcK/utility/System.h:54,
                 from MRF24G/utility/fpga/../../../DEIPcK/utility/deIP.h:59,
                 from MRF24G/utility/fpga/../../MRF24GAdaptor.h:61,
                 from MRF24G/utility/fpga/wf_event_stub.c:33:
../../../include/xil_io.h:93: note: this is the location of the previous definition
 #define INLINE inline
 
In file included from MRF24G/utility/fpga/../../../DEIPcK/utility/fpga/System.h:70,
                 from MRF24G/utility/fpga/../../../DEIPcK/utility/System.h:54,
                 from MRF24G/utility/fpga/../../../DEIPcK/utility/deIP.h:59,
                 from MRF24G/utility/fpga/../../MRF24GAdaptor.h:61,
                 from MRF24G/utility/fpga/wf_event_stub.c:33:
../../../include/xtime_l.h:85:9: note: #pragma message: For the sleep routines, Global timer is being used
 #pragma message ("For the sleep routines, Global timer is being used")
         ^~~~~~~
In file included from MRF24G/utility/fpga/../../../DEIPcK/utility/fpga/../../../MRF24G/utility/ud_inc/internal/wf_global_includes.h:44,
                 from MRF24G/utility/fpga/../../../DEIPcK/utility/fpga/System.h:64,
                 from MRF24G/utility/fpga/../../../DEIPcK/utility/System.h:54,
                 from MRF24G/utility/fpga/wf_gpio_stub.c:45:
MRF24G/utility/fpga/../../../DEIPcK/utility/fpga/../../../MRF24G/utility/ud_inc/internal/../../wf_customize.h:50: warning: "INLINE" redefined
 #define INLINE
 
In file included from MRF24G/utility/fpga/../../../DEIPcK/utility/fpga/System.h:62,
                 from MRF24G/utility/fpga/../../../DEIPcK/utility/System.h:54,
                 from MRF24G/utility/fpga/wf_gpio_stub.c:45:
../../../include/xil_io.h:93: note: this is the location of the previous definition
 #define INLINE inline
 
In file included from MRF24G/utility/fpga/../../../DEIPcK/utility/fpga/System.h:70,
                 from MRF24G/utility/fpga/../../../DEIPcK/utility/System.h:54,
                 from MRF24G/utility/fpga/wf_gpio_stub.c:45:
../../../include/xtime_l.h:85:9: note: #pragma message: For the sleep routines, Global timer is being used
 #pragma message ("For the sleep routines, Global timer is being used")
         ^~~~~~~
In file included from MRF24G/utility/fpga/../../../DEIPcK/utility/fpga/../../../MRF24G/utility/ud_inc/internal/wf_global_includes.h:44,
                 from MRF24G/utility/fpga/../../../DEIPcK/utility/fpga/System.h:64,
                 from MRF24G/utility/fpga/../../../DEIPcK/utility/System.h:54,
                 from MRF24G/utility/fpga/wf_spi_stub.c:47:
MRF24G/utility/fpga/../../../DEIPcK/utility/fpga/../../../MRF24G/utility/ud_inc/internal/../../wf_customize.h:50: warning: "INLINE" redefined
 #define INLINE
 
In file included from MRF24G/utility/fpga/../../../DEIPcK/utility/fpga/System.h:62,
                 from MRF24G/utility/fpga/../../../DEIPcK/utility/System.h:54,
                 from MRF24G/utility/fpga/wf_spi_stub.c:47:
../../../include/xil_io.h:93: note: this is the location of the previous definition
 #define INLINE inline
 
In file included from MRF24G/utility/fpga/../../../DEIPcK/utility/fpga/System.h:70,
                 from MRF24G/utility/fpga/../../../DEIPcK/utility/System.h:54,
                 from MRF24G/utility/fpga/wf_spi_stub.c:47:
../../../include/xtime_l.h:85:9: note: #pragma message: For the sleep routines, Global timer is being used
 #pragma message ("For the sleep routines, Global timer is being used")
         ^~~~~~~
In file included from MRF24G/utility/fpga/../../../DEIPcK/utility/fpga/../../../MRF24G/utility/ud_inc/internal/wf_global_includes.h:44,
                 from MRF24G/utility/fpga/../../../DEIPcK/utility/fpga/System.h:64,
                 from MRF24G/utility/fpga/../../../DEIPcK/utility/System.h:54,
                 from MRF24G/utility/fpga/wf_timer_stub.c:46:
MRF24G/utility/fpga/../../../DEIPcK/utility/fpga/../../../MRF24G/utility/ud_inc/internal/../../wf_customize.h:50: warning: "INLINE" redefined
 #define INLINE
 
In file included from MRF24G/utility/fpga/../../../DEIPcK/utility/fpga/System.h:62,
                 from MRF24G/utility/fpga/../../../DEIPcK/utility/System.h:54,
                 from MRF24G/utility/fpga/wf_timer_stub.c:46:
../../../include/xil_io.h:93: note: this is the location of the previous definition
 #define INLINE inline
 
In file included from MRF24G/utility/fpga/../../../DEIPcK/utility/fpga/System.h:70,
                 from MRF24G/utility/fpga/../../../DEIPcK/utility/System.h:54,
                 from MRF24G/utility/fpga/wf_timer_stub.c:46:
../../../include/xtime_l.h:85:9: note: #pragma message: For the sleep routines, Global timer is being used
 #pragma message ("For the sleep routines, Global timer is being used")
         ^~~~~~~
In file included from ../../../include/MRF24G/../DEIPcK/utility/fpga/../../../MRF24G/utility/ud_inc/internal/wf_global_includes.h:44,
                 from ../../../include/MRF24G/../DEIPcK/utility/fpga/System.h:64,
                 from ../../../include/MRF24G/../DEIPcK/utility/System.h:54,
                 from MRF24G/utility/fpga/DEMRF24G.cpp:54:
../../../include/MRF24G/../DEIPcK/utility/fpga/../../../MRF24G/utility/ud_inc/internal/../../wf_customize.h:50: warning: "INLINE" redefined
 #define INLINE
 
In file included from ../../../include/MRF24G/../DEIPcK/utility/fpga/System.h:62,
                 from ../../../include/MRF24G/../DEIPcK/utility/System.h:54,
                 from MRF24G/utility/fpga/DEMRF24G.cpp:54:
../../../include/xil_io.h:93: note: this is the location of the previous definition
 #define INLINE inline
 
In file included from ../../../include/MRF24G/../DEIPcK/utility/fpga/System.h:70,
                 from ../../../include/MRF24G/../DEIPcK/utility/System.h:54,
                 from MRF24G/utility/fpga/DEMRF24G.cpp:54:
../../../include/xtime_l.h:85:70: note: #pragma message: For the sleep routines, Global timer is being used
 #pragma message ("For the sleep routines, Global timer is being used")
                                                                      ^
"Running Make libs in ps7_cortexa9_0/libsrc/qspips_v3_6/src"

make -C ps7_cortexa9_0/libsrc/qspips_v3_6/src -s libs  "SHELL=CMD" "COMPILER=arm-none-eabi-gcc" "ASSEMBLER=arm-none-eabi-as" "A
RCHIVER=arm-none-eabi-ar" "COMPILER_FLAGS=  -O2 -c" "EXTRA_COMPILER_FLAGS=-mcpu=cortex-a9 -mfpu=vfpv3 -mfloat-abi=hard -nostart
files -g -Wall -Wextra"

"Compiling qspips"

"Running Make libs in ps7_cortexa9_0/libsrc/scugic_v4_1/src"

make -C ps7_cortexa9_0/libsrc/scugic_v4_1/src -s libs  "SHELL=CMD" "COMPILER=arm-none-eabi-gcc" "ASSEMBLER=arm-none-eabi-as" "A
RCHIVER=arm-none-eabi-ar" "COMPILER_FLAGS=  -O2 -c" "EXTRA_COMPILER_FLAGS=-mcpu=cortex-a9 -mfpu=vfpv3 -mfloat-abi=hard -nostart
files -g -Wall -Wextra"

"Compiling scugic"

"Running Make libs in ps7_cortexa9_0/libsrc/scutimer_v2_1/src"

make -C ps7_cortexa9_0/libsrc/scutimer_v2_1/src -s libs  "SHELL=CMD" "COMPILER=arm-none-eabi-gcc" "ASSEMBLER=arm-none-eabi-as" 
"ARCHIVER=arm-none-eabi-ar" "COMPILER_FLAGS=  -O2 -c" "EXTRA_COMPILER_FLAGS=-mcpu=cortex-a9 -mfpu=vfpv3 -mfloat-abi=hard -nosta
rtfiles -g -Wall -Wextra"

"Compiling scutimer"

"Running Make libs in ps7_cortexa9_0/libsrc/scuwdt_v2_1/src"

make -C ps7_cortexa9_0/libsrc/scuwdt_v2_1/src -s libs  "SHELL=CMD" "COMPILER=arm-none-eabi-gcc" "ASSEMBLER=arm-none-eabi-as" "A
RCHIVER=arm-none-eabi-ar" "COMPILER_FLAGS=  -O2 -c" "EXTRA_COMPILER_FLAGS=-mcpu=cortex-a9 -mfpu=vfpv3 -mfloat-abi=hard -nostart
files -g -Wall -Wextra"

"Compiling scuwdt"

"Running Make libs in ps7_cortexa9_0/libsrc/sdps_v3_8/src"

make -C ps7_cortexa9_0/libsrc/sdps_v3_8/src -s libs  "SHELL=CMD" "COMPILER=arm-none-eabi-gcc" "ASSEMBLER=arm-none-eabi-as" "ARC
HIVER=arm-none-eabi-ar" "COMPILER_FLAGS=  -O2 -c" "EXTRA_COMPILER_FLAGS=-mcpu=cortex-a9 -mfpu=vfpv3 -mfloat-abi=hard -nostartfi
les -g -Wall -Wextra"

"Compiling sdps"

"Running Make libs in ps7_cortexa9_0/libsrc/standalone_v7_1/src"

make -C ps7_cortexa9_0/libsrc/standalone_v7_1/src -s libs  "SHELL=CMD" "COMPILER=arm-none-eabi-gcc" "ASSEMBLER=arm-none-eabi-as
" "ARCHIVER=arm-none-eabi-ar" "COMPILER_FLAGS=  -O2 -c" "EXTRA_COMPILER_FLAGS=-mcpu=cortex-a9 -mfpu=vfpv3 -mfloat-abi=hard -nos
tartfiles -g -Wall -Wextra"

"Compiling standalone"

In file included from usleep.c:54:
xtime_l.h:85:9: note: #pragma message: For the sleep routines, Global timer is being used
 #pragma message ("For the sleep routines, Global timer is being used")
         ^~~~~~~
In file included from xil_sleeptimer.c:52:
xtime_l.h:85:9: note: #pragma message: For the sleep routines, Global timer is being used
 #pragma message ("For the sleep routines, Global timer is being used")
         ^~~~~~~
In file included from xtime_l.c:47:
xtime_l.h:85:9: note: #pragma message: For the sleep routines, Global timer is being used
 #pragma message ("For the sleep routines, Global timer is being used")
         ^~~~~~~
In file included from sleep.c:51:
xtime_l.h:85:9: note: #pragma message: For the sleep routines, Global timer is being used
 #pragma message ("For the sleep routines, Global timer is being used")
         ^~~~~~~
"Running Make libs in ps7_cortexa9_0/libsrc/uartps_v3_8/src"

make -C ps7_cortexa9_0/libsrc/uartps_v3_8/src -s libs  "SHELL=CMD" "COMPILER=arm-none-eabi-gcc" "ASSEMBLER=arm-none-eabi-as" "A
RCHIVER=arm-none-eabi-ar" "COMPILER_FLAGS=  -O2 -c" "EXTRA_COMPILER_FLAGS=-mcpu=cortex-a9 -mfpu=vfpv3 -mfloat-abi=hard -nostart
files -g -Wall -Wextra"

"Compiling uartps"

"Running Make libs in ps7_cortexa9_0/libsrc/usbps_v2_4/src"

make -C ps7_cortexa9_0/libsrc/usbps_v2_4/src -s libs  "SHELL=CMD" "COMPILER=arm-none-eabi-gcc" "ASSEMBLER=arm-none-eabi-as" "AR
CHIVER=arm-none-eabi-ar" "COMPILER_FLAGS=  -O2 -c" "EXTRA_COMPILER_FLAGS=-mcpu=cortex-a9 -mfpu=vfpv3 -mfloat-abi=hard -nostartf
iles -g -Wall -Wextra"

"Compiling usbps"

"Running Make libs in ps7_cortexa9_0/libsrc/xadcps_v2_3/src"

make -C ps7_cortexa9_0/libsrc/xadcps_v2_3/src -s libs  "SHELL=CMD" "COMPILER=arm-none-eabi-gcc" "ASSEMBLER=arm-none-eabi-as" "A
RCHIVER=arm-none-eabi-ar" "COMPILER_FLAGS=  -O2 -c" "EXTRA_COMPILER_FLAGS=-mcpu=cortex-a9 -mfpu=vfpv3 -mfloat-abi=hard -nostart
files -g -Wall -Wextra"

"Compiling xadcps"

'Finished building libraries'


15:31:31 Build Finished (took 1m:41s.435ms)

