TRACE::2024-09-04.11:00:13::SCWBifWriter::Found the complete platform C:/Users/PC-CLICK-PLUS/prj2/gpio8/export/gpio8/gpio8.xpfm
TRACE::2024-09-04.11:00:13::SCWBifWriter::hardware databse : design_1_wrapper_2
TRACE::2024-09-04.11:00:13::SCWBifWriter::bitstream found in the design
TRACE::2024-09-04.11:00:13::SCWBifWriter::Found a baremetal domain, proc: ps7_cortexa9_0
TRACE::2024-09-04.11:00:13::SCWBifWriter::proc type : 
TRACE::2024-09-04.11:00:13::SCWBifWriter::proc[0] : ps7_cortexa9_0
TRACE::2024-09-04.11:00:13::SCWBifWriter::Device type is : zynq
TRACE::2024-09-04.11:00:13::SCWBifWriter::Writing BIF to file : C:/Users/PC-CLICK-PLUS/prj2/leds-blink_system/Debug/system.bif
TRACE::2024-09-04.11:00:13::SCWBifWriter::Writing the Zynq Baremetal bif 
TRACE::2024-09-04.11:07:28::SCWBifWriter::Found the complete platform C:/Users/PC-CLICK-PLUS/prj2/gpio8/export/gpio8/gpio8.xpfm
TRACE::2024-09-04.11:07:28::SCWBifWriter::hardware databse : design_1_wrapper_2
TRACE::2024-09-04.11:07:28::SCWBifWriter::bitstream found in the design
TRACE::2024-09-04.11:07:28::SCWBifWriter::Found a baremetal domain, proc: ps7_cortexa9_0
TRACE::2024-09-04.11:07:28::SCWBifWriter::proc type : 
TRACE::2024-09-04.11:07:28::SCWBifWriter::proc[0] : ps7_cortexa9_0
TRACE::2024-09-04.11:07:28::SCWBifWriter::Device type is : zynq
TRACE::2024-09-04.11:07:28::SCWBifWriter::Writing BIF to file : C:/Users/PC-CLICK-PLUS/prj2/leds-blink_system/Debug/system.bif
TRACE::2024-09-04.11:07:28::SCWBifWriter::Writing the Zynq Baremetal bif 
TRACE::2024-09-04.11:07:44::SCWBifWriter::Found the complete platform C:/Users/PC-CLICK-PLUS/prj2/gpio8/export/gpio8/gpio8.xpfm
TRACE::2024-09-04.11:07:45::SCWBifWriter::hardware databse : design_1_wrapper_2
TRACE::2024-09-04.11:07:45::SCWBifWriter::bitstream found in the design
TRACE::2024-09-04.11:07:45::SCWBifWriter::Found a baremetal domain, proc: ps7_cortexa9_0
TRACE::2024-09-04.11:07:45::SCWBifWriter::proc type : 
TRACE::2024-09-04.11:07:45::SCWBifWriter::proc[0] : ps7_cortexa9_0
TRACE::2024-09-04.11:07:45::SCWBifWriter::Device type is : zynq
TRACE::2024-09-04.11:07:45::SCWBifWriter::Writing BIF to file : C:/Users/PC-CLICK-PLUS/prj2/leds-blink_system/Debug/system.bif
TRACE::2024-09-04.11:07:45::SCWBifWriter::Writing the Zynq Baremetal bif 
TRACE::2024-09-04.11:10:48::SCWBifWriter::Found the complete platform C:/Users/PC-CLICK-PLUS/prj2/gpio8/export/gpio8/gpio8.xpfm
TRACE::2024-09-04.11:10:48::SCWBifWriter::hardware databse : design_1_wrapper_2
TRACE::2024-09-04.11:10:48::SCWBifWriter::bitstream found in the design
TRACE::2024-09-04.11:10:48::SCWBifWriter::Found a baremetal domain, proc: ps7_cortexa9_0
TRACE::2024-09-04.11:10:48::SCWBifWriter::proc type : 
TRACE::2024-09-04.11:10:48::SCWBifWriter::proc[0] : ps7_cortexa9_0
TRACE::2024-09-04.11:10:48::SCWBifWriter::Device type is : zynq
TRACE::2024-09-04.11:10:48::SCWBifWriter::Writing BIF to file : C:/Users/PC-CLICK-PLUS/prj2/leds-blink_system/Debug/system.bif
TRACE::2024-09-04.11:10:48::SCWBifWriter::Writing the Zynq Baremetal bif 
TRACE::2024-09-04.11:18:22::SCWBifWriter::Found the complete platform C:/Users/PC-CLICK-PLUS/prj2/gpio8/export/gpio8/gpio8.xpfm
TRACE::2024-09-04.11:18:23::SCWBifWriter::hardware databse : design_1_wrapper_2
TRACE::2024-09-04.11:18:23::SCWBifWriter::bitstream found in the design
TRACE::2024-09-04.11:18:23::SCWBifWriter::Found a baremetal domain, proc: ps7_cortexa9_0
TRACE::2024-09-04.11:18:23::SCWBifWriter::proc type : 
TRACE::2024-09-04.11:18:23::SCWBifWriter::proc[0] : ps7_cortexa9_0
TRACE::2024-09-04.11:18:23::SCWBifWriter::Device type is : zynq
TRACE::2024-09-04.11:18:23::SCWBifWriter::Writing BIF to file : C:/Users/PC-CLICK-PLUS/prj2/leds-blink_system/Debug/system.bif
TRACE::2024-09-04.11:18:23::SCWBifWriter::Writing the Zynq Baremetal bif 
TRACE::2024-09-04.11:22:22::SCWBifWriter::Found the complete platform C:/Users/PC-CLICK-PLUS/prj2/gpio8/export/gpio8/gpio8.xpfm
TRACE::2024-09-04.11:22:22::SCWBifWriter::hardware databse : design_1_wrapper_2
TRACE::2024-09-04.11:22:22::SCWBifWriter::bitstream found in the design
TRACE::2024-09-04.11:22:22::SCWBifWriter::Found a baremetal domain, proc: ps7_cortexa9_0
TRACE::2024-09-04.11:22:22::SCWBifWriter::proc type : 
TRACE::2024-09-04.11:22:22::SCWBifWriter::proc[0] : ps7_cortexa9_0
TRACE::2024-09-04.11:22:22::SCWBifWriter::Device type is : zynq
TRACE::2024-09-04.11:22:22::SCWBifWriter::Writing BIF to file : C:/Users/PC-CLICK-PLUS/prj2/leds-blink_system/Debug/system.bif
TRACE::2024-09-04.11:22:22::SCWBifWriter::Writing the Zynq Baremetal bif 
